<?xml version="1.0" encoding="utf-8"?>
<CoverageSession xmlns:xsd="http://www.w3.org/2001/XMLSchema" xmlns:xsi="http://www.w3.org/2001/XMLSchema-instance" Version="0.0.0.0">
  <Summary numSequencePoints="919" visitedSequencePoints="231" numBranchPoints="0" visitedBranchPoints="0" sequenceCoverage="25.14" branchCoverage="0.0" maxCyclomaticComplexity="0" minCyclomaticComplexity="0" maxCrapScore="0" minCrapScore="0" visitedClasses="13" numClasses="34" visitedMethods="54" numMethods="126" />
  <Modules>
    <Module>
      <Summary numSequencePoints="26" visitedSequencePoints="0" numBranchPoints="0" visitedBranchPoints="0" sequenceCoverage="0.0" branchCoverage="0.0" maxCyclomaticComplexity="0" minCyclomaticComplexity="0" maxCrapScore="0" minCrapScore="0" visitedClasses="0" numClasses="1" visitedMethods="0" numMethods="4" />
      <ModuleTime>0001-01-01T00:00:00</ModuleTime>
      <ModuleName>Editor</ModuleName>
      <Files>
        <File uid="1" fullPath="C:/Users/1513 IRON/Documents/DynaCOmics/Assets/Tests/Editor/SpinnerLogicTests.cs" />
      </Files>
      <Classes>
        <Class>
          <Summary numSequencePoints="26" visitedSequencePoints="0" numBranchPoints="0" visitedBranchPoints="0" sequenceCoverage="0.0" branchCoverage="0.0" maxCyclomaticComplexity="0" minCyclomaticComplexity="0" maxCrapScore="0" minCrapScore="0" visitedClasses="0" numClasses="1" visitedMethods="0" numMethods="4" />
          <FullName>SpinnerLogicTests</FullName>
          <Methods>
            <Method visited="false" cyclomaticComplexity="0" nPathComplexity="0" sequenceCoverage="0.0" branchCoverage="0" crapScore="0" isConstructor="false" isStatic="false" isGetter="false" isSetter="false">
              <Summary numSequencePoints="7" visitedSequencePoints="0" numBranchPoints="0" visitedBranchPoints="0" sequenceCoverage="0.0" branchCoverage="0" maxCyclomaticComplexity="0" minCyclomaticComplexity="0" maxCrapScore="0" minCrapScore="0" visitedClasses="0" numClasses="0" visitedMethods="0" numMethods="1" />
              <MetadataToken>100663297</MetadataToken>
              <Name>System.Void SpinnerLogicTests::SpinnerSetup()</Name>
              <FileRef uid="1" />
              <SequencePoints>
                <SequencePoint vc="0" uspid="1" ordinal="0" offset="0" sl="18" sc="0" el="18" ec="0" bec="0" bev="0" fileid="1" />
                <SequencePoint vc="0" uspid="2" ordinal="0" offset="1" sl="19" sc="0" el="19" ec="0" bec="0" bev="0" fileid="1" />
                <SequencePoint vc="0" uspid="3" ordinal="0" offset="17" sl="20" sc="0" el="20" ec="0" bec="0" bev="0" fileid="1" />
                <SequencePoint vc="0" uspid="4" ordinal="0" offset="33" sl="21" sc="0" el="21" ec="0" bec="0" bev="0" fileid="1" />
                <SequencePoint vc="0" uspid="5" ordinal="0" offset="60" sl="23" sc="0" el="23" ec="0" bec="0" bev="0" fileid="1" />
                <SequencePoint vc="0" uspid="6" ordinal="0" offset="77" sl="24" sc="0" el="24" ec="0" bec="0" bev="0" fileid="1" />
                <SequencePoint vc="0" uspid="7" ordinal="0" offset="109" sl="25" sc="0" el="25" ec="0" bec="0" bev="0" fileid="1" />
              </SequencePoints>
              <BranchPoints />
            </Method>
            <Method visited="false" cyclomaticComplexity="0" nPathComplexity="0" sequenceCoverage="0.0" branchCoverage="0" crapScore="0" isConstructor="false" isStatic="false" isGetter="false" isSetter="false">
              <Summary numSequencePoints="6" visitedSequencePoints="0" numBranchPoints="0" visitedBranchPoints="0" sequenceCoverage="0.0" branchCoverage="0" maxCyclomaticComplexity="0" minCyclomaticComplexity="0" maxCrapScore="0" minCrapScore="0" visitedClasses="0" numClasses="0" visitedMethods="0" numMethods="1" />
              <MetadataToken>100663298</MetadataToken>
              <Name>System.Void SpinnerLogicTests::SpinnerTurnsOnAndOff(System.Boolean, System.Int32, System.Boolean)</Name>
              <FileRef uid="1" />
              <SequencePoints>
                <SequencePoint vc="0" uspid="8" ordinal="0" offset="0" sl="32" sc="0" el="32" ec="0" bec="0" bev="0" fileid="1" />
                <SequencePoint vc="0" uspid="9" ordinal="0" offset="1" sl="34" sc="0" el="34" ec="0" bec="0" bev="0" fileid="1" />
                <SequencePoint vc="0" uspid="10" ordinal="0" offset="14" sl="35" sc="0" el="35" ec="0" bec="0" bev="0" fileid="1" />
                <SequencePoint vc="0" uspid="11" ordinal="0" offset="27" sl="38" sc="0" el="38" ec="0" bec="0" bev="0" fileid="1" />
                <SequencePoint vc="0" uspid="12" ordinal="0" offset="39" sl="41" sc="0" el="41" ec="0" bec="0" bev="0" fileid="1" />
                <SequencePoint vc="0" uspid="13" ordinal="0" offset="57" sl="43" sc="0" el="43" ec="0" bec="0" bev="0" fileid="1" />
              </SequencePoints>
              <BranchPoints />
            </Method>
            <Method visited="false" cyclomaticComplexity="0" nPathComplexity="0" sequenceCoverage="0.0" branchCoverage="0" crapScore="0" isConstructor="false" isStatic="false" isGetter="false" isSetter="false">
              <Summary numSequencePoints="6" visitedSequencePoints="0" numBranchPoints="0" visitedBranchPoints="0" sequenceCoverage="0.0" branchCoverage="0" maxCyclomaticComplexity="0" minCyclomaticComplexity="0" maxCrapScore="0" minCrapScore="0" visitedClasses="0" numClasses="0" visitedMethods="0" numMethods="1" />
              <MetadataToken>100663299</MetadataToken>
              <Name>System.Void SpinnerLogicTests::SpinnerReverts(System.Boolean, System.Int32, System.Boolean)</Name>
              <FileRef uid="1" />
              <SequencePoints>
                <SequencePoint vc="0" uspid="14" ordinal="0" offset="0" sl="50" sc="0" el="50" ec="0" bec="0" bev="0" fileid="1" />
                <SequencePoint vc="0" uspid="15" ordinal="0" offset="1" sl="52" sc="0" el="52" ec="0" bec="0" bev="0" fileid="1" />
                <SequencePoint vc="0" uspid="16" ordinal="0" offset="14" sl="53" sc="0" el="53" ec="0" bec="0" bev="0" fileid="1" />
                <SequencePoint vc="0" uspid="17" ordinal="0" offset="27" sl="56" sc="0" el="56" ec="0" bec="0" bev="0" fileid="1" />
                <SequencePoint vc="0" uspid="18" ordinal="0" offset="39" sl="59" sc="0" el="59" ec="0" bec="0" bev="0" fileid="1" />
                <SequencePoint vc="0" uspid="19" ordinal="0" offset="57" sl="61" sc="0" el="61" ec="0" bec="0" bev="0" fileid="1" />
              </SequencePoints>
              <BranchPoints />
            </Method>
            <Method visited="false" cyclomaticComplexity="0" nPathComplexity="0" sequenceCoverage="0.0" branchCoverage="0" crapScore="0" isConstructor="false" isStatic="false" isGetter="false" isSetter="false">
              <Summary numSequencePoints="7" visitedSequencePoints="0" numBranchPoints="0" visitedBranchPoints="0" sequenceCoverage="0.0" branchCoverage="0" maxCyclomaticComplexity="0" minCyclomaticComplexity="0" maxCrapScore="0" minCrapScore="0" visitedClasses="0" numClasses="0" visitedMethods="0" numMethods="1" />
              <MetadataToken>100663300</MetadataToken>
              <Name>System.Void SpinnerLogicTests::SpinnerChangesSpeed(System.Single, System.Boolean, System.Single, System.Single)</Name>
              <FileRef uid="1" />
              <SequencePoints>
                <SequencePoint vc="0" uspid="20" ordinal="0" offset="0" sl="69" sc="0" el="69" ec="0" bec="0" bev="0" fileid="1" />
                <SequencePoint vc="0" uspid="21" ordinal="0" offset="1" sl="71" sc="0" el="71" ec="0" bec="0" bev="0" fileid="1" />
                <SequencePoint vc="0" uspid="22" ordinal="0" offset="14" sl="72" sc="0" el="72" ec="0" bec="0" bev="0" fileid="1" />
                <SequencePoint vc="0" uspid="23" ordinal="0" offset="27" sl="73" sc="0" el="73" ec="0" bec="0" bev="0" fileid="1" />
                <SequencePoint vc="0" uspid="24" ordinal="0" offset="40" sl="76" sc="0" el="76" ec="0" bec="0" bev="0" fileid="1" />
                <SequencePoint vc="0" uspid="25" ordinal="0" offset="52" sl="79" sc="0" el="79" ec="0" bec="0" bev="0" fileid="1" />
                <SequencePoint vc="0" uspid="26" ordinal="0" offset="72" sl="81" sc="0" el="81" ec="0" bec="0" bev="0" fileid="1" />
              </SequencePoints>
              <BranchPoints />
            </Method>
          </Methods>
        </Class>
      </Classes>
    </Module>
    <Module>
      <Summary numSequencePoints="42" visitedSequencePoints="39" numBranchPoints="0" visitedBranchPoints="0" sequenceCoverage="92.86" branchCoverage="0.0" maxCyclomaticComplexity="0" minCyclomaticComplexity="0" maxCrapScore="0" minCrapScore="0" visitedClasses="5" numClasses="6" visitedMethods="6" numMethods="7" />
      <ModuleTime>0001-01-01T00:00:00</ModuleTime>
      <ModuleName>Runtime</ModuleName>
      <Files>
        <File uid="2" fullPath="C:/Users/1513 IRON/Documents/DynaCOmics/Assets/Tests/Runtime/ElementDestroy.cs" />
        <File uid="3" fullPath="C:/Users/1513 IRON/Documents/DynaCOmics/Assets/Tests/Runtime/SpinnerTest.cs" />
      </Files>
      <Classes>
        <Class>
          <Summary numSequencePoints="5" visitedSequencePoints="5" numBranchPoints="0" visitedBranchPoints="0" sequenceCoverage="100.0" branchCoverage="0.0" maxCyclomaticComplexity="0" minCyclomaticComplexity="0" maxCrapScore="0" minCrapScore="0" visitedClasses="1" numClasses="1" visitedMethods="1" numMethods="1" />
          <FullName>ElementDestroy</FullName>
          <Methods>
            <Method visited="true" cyclomaticComplexity="0" nPathComplexity="0" sequenceCoverage="100.0" branchCoverage="0" crapScore="0" isConstructor="false" isStatic="false" isGetter="false" isSetter="false">
              <Summary numSequencePoints="5" visitedSequencePoints="5" numBranchPoints="0" visitedBranchPoints="0" sequenceCoverage="100.0" branchCoverage="0" maxCyclomaticComplexity="0" minCyclomaticComplexity="0" maxCrapScore="0" minCrapScore="0" visitedClasses="0" numClasses="0" visitedMethods="1" numMethods="1" />
              <MetadataToken>100663297</MetadataToken>
              <Name>System.Void ElementDestroy::OnTriggerEnter(UnityEngine.Collider)</Name>
              <FileRef uid="2" />
              <SequencePoints>
                <SequencePoint vc="16" uspid="27" ordinal="0" offset="0" sl="8" sc="5" el="8" ec="5" bec="0" bev="0" fileid="2" />
                <SequencePoint vc="16" uspid="28" ordinal="0" offset="1" sl="9" sc="9" el="9" ec="9" bec="0" bev="0" fileid="2" />
                <SequencePoint vc="16" uspid="29" ordinal="0" offset="15" sl="10" sc="6" el="10" ec="6" bec="0" bev="0" fileid="2" />
                <SequencePoint vc="16" uspid="30" ordinal="0" offset="27" sl="11" sc="9" el="11" ec="9" bec="0" bev="0" fileid="2" />
                <SequencePoint vc="16" uspid="31" ordinal="0" offset="33" sl="12" sc="5" el="12" ec="5" bec="0" bev="0" fileid="2" />
              </SequencePoints>
              <BranchPoints />
            </Method>
          </Methods>
        </Class>
        <Class>
          <Summary numSequencePoints="3" visitedSequencePoints="0" numBranchPoints="0" visitedBranchPoints="0" sequenceCoverage="0.0" branchCoverage="0.0" maxCyclomaticComplexity="0" minCyclomaticComplexity="0" maxCrapScore="0" minCrapScore="0" visitedClasses="0" numClasses="1" visitedMethods="0" numMethods="1" />
          <FullName>SpinnerTest</FullName>
          <Methods>
            <Method visited="false" cyclomaticComplexity="0" nPathComplexity="0" sequenceCoverage="0.0" branchCoverage="0" crapScore="0" isConstructor="true" isStatic="true" isGetter="false" isSetter="false">
              <Summary numSequencePoints="3" visitedSequencePoints="0" numBranchPoints="0" visitedBranchPoints="0" sequenceCoverage="0.0" branchCoverage="0" maxCyclomaticComplexity="0" minCyclomaticComplexity="0" maxCrapScore="0" minCrapScore="0" visitedClasses="0" numClasses="0" visitedMethods="0" numMethods="1" />
              <MetadataToken>100663303</MetadataToken>
              <Name>static SpinnerTest::SpinnerTest()</Name>
              <FileRef uid="3" />
              <SequencePoints>
                <SequencePoint vc="0" uspid="32" ordinal="0" offset="0" sl="68" sc="5" el="68" ec="5" bec="0" bev="0" fileid="3" />
                <SequencePoint vc="0" uspid="33" ordinal="0" offset="27" sl="69" sc="5" el="69" ec="5" bec="0" bev="0" fileid="3" />
                <SequencePoint vc="0" uspid="34" ordinal="0" offset="49" sl="70" sc="5" el="70" ec="5" bec="0" bev="0" fileid="3" />
              </SequencePoints>
              <BranchPoints />
            </Method>
          </Methods>
        </Class>
        <Class>
          <Summary numSequencePoints="7" visitedSequencePoints="7" numBranchPoints="0" visitedBranchPoints="0" sequenceCoverage="100.0" branchCoverage="0.0" maxCyclomaticComplexity="0" minCyclomaticComplexity="0" maxCrapScore="0" minCrapScore="0" visitedClasses="1" numClasses="1" visitedMethods="2" numMethods="2" />
          <FullName>WaitForTestEnd</FullName>
          <Methods>
            <Method visited="true" cyclomaticComplexity="0" nPathComplexity="0" sequenceCoverage="100.0" branchCoverage="0" crapScore="0" isConstructor="false" isStatic="false" isGetter="true" isSetter="false">
              <Summary numSequencePoints="1" visitedSequencePoints="1" numBranchPoints="0" visitedBranchPoints="0" sequenceCoverage="100.0" branchCoverage="0" maxCyclomaticComplexity="0" minCyclomaticComplexity="0" maxCrapScore="0" minCrapScore="0" visitedClasses="0" numClasses="0" visitedMethods="1" numMethods="1" />
              <MetadataToken>100663304</MetadataToken>
              <Name>System.Boolean WaitForTestEnd::get_keepWaiting()</Name>
              <FileRef uid="3" />
              <SequencePoints>
                <SequencePoint vc="115" uspid="35" ordinal="0" offset="0" sl="75" sc="41" el="75" ec="41" bec="0" bev="0" fileid="3" />
              </SequencePoints>
              <BranchPoints />
            </Method>
            <Method visited="true" cyclomaticComplexity="0" nPathComplexity="0" sequenceCoverage="100.0" branchCoverage="0" crapScore="0" isConstructor="true" isStatic="false" isGetter="false" isSetter="false">
              <Summary numSequencePoints="6" visitedSequencePoints="6" numBranchPoints="0" visitedBranchPoints="0" sequenceCoverage="100.0" branchCoverage="0" maxCyclomaticComplexity="0" minCyclomaticComplexity="0" maxCrapScore="0" minCrapScore="0" visitedClasses="0" numClasses="0" visitedMethods="1" numMethods="1" />
              <MetadataToken>100663305</MetadataToken>
              <Name>WaitForTestEnd::WaitForTestEnd(System.Single)</Name>
              <FileRef uid="3" />
              <SequencePoints>
                <SequencePoint vc="16" uspid="36" ordinal="0" offset="0" sl="83" sc="5" el="83" ec="5" bec="0" bev="0" fileid="3" />
                <SequencePoint vc="16" uspid="37" ordinal="0" offset="7" sl="84" sc="5" el="84" ec="5" bec="0" bev="0" fileid="3" />
                <SequencePoint vc="16" uspid="38" ordinal="0" offset="8" sl="85" sc="9" el="85" ec="9" bec="0" bev="0" fileid="3" />
                <SequencePoint vc="16" uspid="39" ordinal="0" offset="15" sl="86" sc="9" el="86" ec="9" bec="0" bev="0" fileid="3" />
                <SequencePoint vc="16" uspid="40" ordinal="0" offset="26" sl="87" sc="9" el="87" ec="9" bec="0" bev="0" fileid="3" />
                <SequencePoint vc="16" uspid="41" ordinal="0" offset="32" sl="88" sc="5" el="88" ec="5" bec="0" bev="0" fileid="3" />
              </SequencePoints>
              <BranchPoints />
            </Method>
          </Methods>
        </Class>
        <Class>
          <Summary numSequencePoints="11" visitedSequencePoints="11" numBranchPoints="0" visitedBranchPoints="0" sequenceCoverage="100.0" branchCoverage="0.0" maxCyclomaticComplexity="0" minCyclomaticComplexity="0" maxCrapScore="0" minCrapScore="0" visitedClasses="1" numClasses="1" visitedMethods="1" numMethods="1" />
          <FullName>SpinnerTest/&lt;SpinnerSetup&gt;d__3</FullName>
          <Methods>
            <Method visited="true" cyclomaticComplexity="0" nPathComplexity="0" sequenceCoverage="100.0" branchCoverage="0" crapScore="0" isConstructor="false" isStatic="false" isGetter="false" isSetter="false">
              <Summary numSequencePoints="11" visitedSequencePoints="11" numBranchPoints="0" visitedBranchPoints="0" sequenceCoverage="100.0" branchCoverage="0" maxCyclomaticComplexity="0" minCyclomaticComplexity="0" maxCrapScore="0" minCrapScore="0" visitedClasses="0" numClasses="0" visitedMethods="1" numMethods="1" />
              <MetadataToken>100663308</MetadataToken>
              <Name>System.Boolean SpinnerTest/&lt;SpinnerSetup&gt;d__3::MoveNext()</Name>
              <FileRef uid="3" />
              <SequencePoints>
                <SequencePoint vc="16" uspid="42" ordinal="0" offset="31" sl="18" sc="5" el="18" ec="5" bec="0" bev="0" fileid="3" />
                <SequencePoint vc="16" uspid="43" ordinal="0" offset="32" sl="19" sc="9" el="19" ec="9" bec="0" bev="0" fileid="3" />
                <SequencePoint vc="16" uspid="44" ordinal="0" offset="43" sl="20" sc="9" el="20" ec="9" bec="0" bev="0" fileid="3" />
                <SequencePoint vc="16" uspid="45" ordinal="0" offset="66" sl="22" sc="9" el="22" ec="9" bec="0" bev="0" fileid="3" />
                <SequencePoint vc="16" uspid="46" ordinal="0" offset="77" sl="24" sc="9" el="24" ec="9" bec="0" bev="0" fileid="3" />
                <SequencePoint vc="16" uspid="47" ordinal="0" offset="94" sl="25" sc="9" el="25" ec="9" bec="0" bev="0" fileid="3" />
                <SequencePoint vc="16" uspid="48" ordinal="0" offset="120" sl="27" sc="9" el="27" ec="9" bec="0" bev="0" fileid="3" />
                <SequencePoint vc="16" uspid="49" ordinal="0" offset="143" sl="28" sc="9" el="28" ec="9" bec="0" bev="0" fileid="3" />
                <SequencePoint vc="16" uspid="50" ordinal="0" offset="185" sl="29" sc="9" el="29" ec="9" bec="0" bev="0" fileid="3" />
                <SequencePoint vc="16" uspid="51" ordinal="0" offset="223" sl="30" sc="9" el="30" ec="9" bec="0" bev="0" fileid="3" />
                <SequencePoint vc="16" uspid="52" ordinal="0" offset="250" sl="33" sc="5" el="33" ec="5" bec="0" bev="0" fileid="3" />
              </SequencePoints>
              <BranchPoints />
            </Method>
          </Methods>
        </Class>
        <Class>
          <Summary numSequencePoints="12" visitedSequencePoints="12" numBranchPoints="0" visitedBranchPoints="0" sequenceCoverage="100.0" branchCoverage="0.0" maxCyclomaticComplexity="0" minCyclomaticComplexity="0" maxCrapScore="0" minCrapScore="0" visitedClasses="1" numClasses="1" visitedMethods="1" numMethods="1" />
          <FullName>SpinnerTest/&lt;SpinnerGroupCarriesObject&gt;d__4</FullName>
          <Methods>
            <Method visited="true" cyclomaticComplexity="0" nPathComplexity="0" sequenceCoverage="100.0" branchCoverage="0" crapScore="0" isConstructor="false" isStatic="false" isGetter="false" isSetter="false">
              <Summary numSequencePoints="12" visitedSequencePoints="12" numBranchPoints="0" visitedBranchPoints="0" sequenceCoverage="100.0" branchCoverage="0" maxCyclomaticComplexity="0" minCyclomaticComplexity="0" maxCrapScore="0" minCrapScore="0" visitedClasses="0" numClasses="0" visitedMethods="1" numMethods="1" />
              <MetadataToken>100663314</MetadataToken>
              <Name>System.Boolean SpinnerTest/&lt;SpinnerGroupCarriesObject&gt;d__4::MoveNext()</Name>
              <FileRef uid="3" />
              <SequencePoints>
                <SequencePoint vc="16" uspid="53" ordinal="0" offset="34" sl="41" sc="5" el="41" ec="5" bec="0" bev="0" fileid="3" />
                <SequencePoint vc="16" uspid="54" ordinal="0" offset="35" sl="43" sc="9" el="43" ec="9" bec="0" bev="0" fileid="3" />
                <SequencePoint vc="16" uspid="55" ordinal="0" offset="53" sl="44" sc="9" el="44" ec="9" bec="0" bev="0" fileid="3" />
                <SequencePoint vc="16" uspid="56" ordinal="0" offset="71" sl="45" sc="9" el="45" ec="9" bec="0" bev="0" fileid="3" />
                <SequencePoint vc="16" uspid="57" ordinal="0" offset="89" sl="46" sc="9" el="46" ec="9" bec="0" bev="0" fileid="3" />
                <SequencePoint vc="16" uspid="58" ordinal="0" offset="107" sl="48" sc="9" el="48" ec="9" bec="0" bev="0" fileid="3" />
                <SequencePoint vc="16" uspid="59" ordinal="0" offset="164" sl="49" sc="9" el="49" ec="9" bec="0" bev="0" fileid="3" />
                <SequencePoint vc="16" uspid="60" ordinal="0" offset="207" sl="50" sc="9" el="50" ec="9" bec="0" bev="0" fileid="3" />
                <SequencePoint vc="16" uspid="61" ordinal="0" offset="230" sl="51" sc="9" el="51" ec="9" bec="0" bev="0" fileid="3" />
                <SequencePoint vc="16" uspid="62" ordinal="0" offset="253" sl="55" sc="9" el="55" ec="9" bec="0" bev="0" fileid="3" />
                <SequencePoint vc="16" uspid="63" ordinal="0" offset="292" sl="56" sc="9" el="56" ec="9" bec="0" bev="0" fileid="3" />
                <SequencePoint vc="16" uspid="64" ordinal="0" offset="325" sl="59" sc="5" el="59" ec="5" bec="0" bev="0" fileid="3" />
              </SequencePoints>
              <BranchPoints />
            </Method>
          </Methods>
        </Class>
        <Class>
          <Summary numSequencePoints="4" visitedSequencePoints="4" numBranchPoints="0" visitedBranchPoints="0" sequenceCoverage="100.0" branchCoverage="0.0" maxCyclomaticComplexity="0" minCyclomaticComplexity="0" maxCrapScore="0" minCrapScore="0" visitedClasses="1" numClasses="1" visitedMethods="1" numMethods="1" />
          <FullName>SpinnerTest/&lt;SpinnerTeardown&gt;d__5</FullName>
          <Methods>
            <Method visited="true" cyclomaticComplexity="0" nPathComplexity="0" sequenceCoverage="100.0" branchCoverage="0" crapScore="0" isConstructor="false" isStatic="false" isGetter="false" isSetter="false">
              <Summary numSequencePoints="4" visitedSequencePoints="4" numBranchPoints="0" visitedBranchPoints="0" sequenceCoverage="100.0" branchCoverage="0" maxCyclomaticComplexity="0" minCyclomaticComplexity="0" maxCrapScore="0" minCrapScore="0" visitedClasses="0" numClasses="0" visitedMethods="1" numMethods="1" />
              <MetadataToken>100663320</MetadataToken>
              <Name>System.Boolean SpinnerTest/&lt;SpinnerTeardown&gt;d__5::MoveNext()</Name>
              <FileRef uid="3" />
              <SequencePoints>
                <SequencePoint vc="16" uspid="65" ordinal="0" offset="31" sl="63" sc="5" el="63" ec="5" bec="0" bev="0" fileid="3" />
                <SequencePoint vc="16" uspid="66" ordinal="0" offset="32" sl="64" sc="9" el="64" ec="9" bec="0" bev="0" fileid="3" />
                <SequencePoint vc="16" uspid="67" ordinal="0" offset="49" sl="65" sc="9" el="65" ec="9" bec="0" bev="0" fileid="3" />
                <SequencePoint vc="16" uspid="68" ordinal="0" offset="72" sl="66" sc="5" el="66" ec="5" bec="0" bev="0" fileid="3" />
              </SequencePoints>
              <BranchPoints />
            </Method>
          </Methods>
        </Class>
      </Classes>
    </Module>
    <Module>
      <Summary numSequencePoints="169" visitedSequencePoints="142" numBranchPoints="0" visitedBranchPoints="0" sequenceCoverage="84.02" branchCoverage="0.0" maxCyclomaticComplexity="0" minCyclomaticComplexity="0" maxCrapScore="0" minCrapScore="0" visitedClasses="6" numClasses="6" visitedMethods="41" numMethods="44" />
      <ModuleTime>0001-01-01T00:00:00</ModuleTime>
      <ModuleName>Spinner</ModuleName>
      <Files>
        <File uid="4" fullPath="C:/Users/1513 IRON/Documents/DynaCOmics/Assets/Spinner/SpinnerControl.cs" />
        <File uid="5" fullPath="C:/Users/1513 IRON/Documents/DynaCOmics/Assets/Spinner/SpinnerGroup.cs" />
        <File uid="6" fullPath="C:/Users/1513 IRON/Documents/DynaCOmics/Assets/Spinner/SpinnerUnit.cs" />
      </Files>
      <Classes>
        <Class>
          <Summary numSequencePoints="41" visitedSequencePoints="35" numBranchPoints="0" visitedBranchPoints="0" sequenceCoverage="85.37" branchCoverage="0.0" maxCyclomaticComplexity="0" minCyclomaticComplexity="0" maxCrapScore="0" minCrapScore="0" visitedClasses="1" numClasses="1" visitedMethods="19" numMethods="20" />
          <FullName>SpinnerControl</FullName>
          <Methods>
            <Method visited="true" cyclomaticComplexity="0" nPathComplexity="0" sequenceCoverage="100.0" branchCoverage="0" crapScore="0" isConstructor="false" isStatic="false" isGetter="true" isSetter="false">
              <Summary numSequencePoints="1" visitedSequencePoints="1" numBranchPoints="0" visitedBranchPoints="0" sequenceCoverage="100.0" branchCoverage="0" maxCyclomaticComplexity="0" minCyclomaticComplexity="0" maxCrapScore="0" minCrapScore="0" visitedClasses="0" numClasses="0" visitedMethods="1" numMethods="1" />
              <MetadataToken>100663297</MetadataToken>
              <Name>Integration SpinnerControl::get_Integration()</Name>
              <FileRef uid="4" />
              <SequencePoints>
                <SequencePoint vc="1630" uspid="69" ordinal="0" offset="0" sl="9" sc="39" el="9" ec="39" bec="0" bev="0" fileid="4" />
              </SequencePoints>
              <BranchPoints />
            </Method>
            <Method visited="true" cyclomaticComplexity="0" nPathComplexity="0" sequenceCoverage="100.0" branchCoverage="0" crapScore="0" isConstructor="false" isStatic="false" isGetter="true" isSetter="false">
              <Summary numSequencePoints="1" visitedSequencePoints="1" numBranchPoints="0" visitedBranchPoints="0" sequenceCoverage="100.0" branchCoverage="0" maxCyclomaticComplexity="0" minCyclomaticComplexity="0" maxCrapScore="0" minCrapScore="0" visitedClasses="0" numClasses="0" visitedMethods="1" numMethods="1" />
              <MetadataToken>100663298</MetadataToken>
              <Name>System.Boolean SpinnerControl::get__IsOn()</Name>
              <FileRef uid="4" />
              <SequencePoints>
                <SequencePoint vc="1646" uspid="70" ordinal="0" offset="0" sl="14" sc="26" el="14" ec="26" bec="0" bev="0" fileid="4" />
              </SequencePoints>
              <BranchPoints />
            </Method>
            <Method visited="true" cyclomaticComplexity="0" nPathComplexity="0" sequenceCoverage="100.0" branchCoverage="0" crapScore="0" isConstructor="false" isStatic="false" isGetter="true" isSetter="false">
              <Summary numSequencePoints="1" visitedSequencePoints="1" numBranchPoints="0" visitedBranchPoints="0" sequenceCoverage="100.0" branchCoverage="0" maxCyclomaticComplexity="0" minCyclomaticComplexity="0" maxCrapScore="0" minCrapScore="0" visitedClasses="0" numClasses="0" visitedMethods="1" numMethods="1" />
              <MetadataToken>100663299</MetadataToken>
              <Name>System.Boolean SpinnerControl::get__Reverse()</Name>
              <FileRef uid="4" />
              <SequencePoints>
                <SequencePoint vc="1630" uspid="71" ordinal="0" offset="0" sl="16" sc="29" el="16" ec="29" bec="0" bev="0" fileid="4" />
              </SequencePoints>
              <BranchPoints />
            </Method>
            <Method visited="true" cyclomaticComplexity="0" nPathComplexity="0" sequenceCoverage="100.0" branchCoverage="0" crapScore="0" isConstructor="false" isStatic="false" isGetter="true" isSetter="false">
              <Summary numSequencePoints="1" visitedSequencePoints="1" numBranchPoints="0" visitedBranchPoints="0" sequenceCoverage="100.0" branchCoverage="0" maxCyclomaticComplexity="0" minCyclomaticComplexity="0" maxCrapScore="0" minCrapScore="0" visitedClasses="0" numClasses="0" visitedMethods="1" numMethods="1" />
              <MetadataToken>100663300</MetadataToken>
              <Name>System.Single SpinnerControl::get__Speed()</Name>
              <FileRef uid="4" />
              <SequencePoints>
                <SequencePoint vc="1630" uspid="72" ordinal="0" offset="0" sl="18" sc="28" el="18" ec="28" bec="0" bev="0" fileid="4" />
              </SequencePoints>
              <BranchPoints />
            </Method>
            <Method visited="true" cyclomaticComplexity="0" nPathComplexity="0" sequenceCoverage="100.0" branchCoverage="0" crapScore="0" isConstructor="false" isStatic="false" isGetter="true" isSetter="false">
              <Summary numSequencePoints="1" visitedSequencePoints="1" numBranchPoints="0" visitedBranchPoints="0" sequenceCoverage="100.0" branchCoverage="0" maxCyclomaticComplexity="0" minCyclomaticComplexity="0" maxCrapScore="0" minCrapScore="0" visitedClasses="0" numClasses="0" visitedMethods="1" numMethods="1" />
              <MetadataToken>100663301</MetadataToken>
              <Name>System.Boolean SpinnerControl::get_IsOn()</Name>
              <FileRef uid="4" />
              <SequencePoints>
                <SequencePoint vc="32" uspid="73" ordinal="0" offset="0" sl="25" sc="16" el="25" ec="16" bec="0" bev="0" fileid="4" />
              </SequencePoints>
              <BranchPoints />
            </Method>
            <Method visited="true" cyclomaticComplexity="0" nPathComplexity="0" sequenceCoverage="100.0" branchCoverage="0" crapScore="0" isConstructor="false" isStatic="false" isGetter="false" isSetter="true">
              <Summary numSequencePoints="4" visitedSequencePoints="4" numBranchPoints="0" visitedBranchPoints="0" sequenceCoverage="100.0" branchCoverage="0" maxCyclomaticComplexity="0" minCyclomaticComplexity="0" maxCrapScore="0" minCrapScore="0" visitedClasses="0" numClasses="0" visitedMethods="1" numMethods="1" />
              <MetadataToken>100663302</MetadataToken>
              <Name>System.Void SpinnerControl::set_IsOn(System.Boolean)</Name>
              <FileRef uid="4" />
              <SequencePoints>
                <SequencePoint vc="16" uspid="74" ordinal="0" offset="0" sl="28" sc="9" el="28" ec="9" bec="0" bev="0" fileid="4" />
                <SequencePoint vc="16" uspid="75" ordinal="0" offset="1" sl="29" sc="13" el="29" ec="13" bec="0" bev="0" fileid="4" />
                <SequencePoint vc="16" uspid="76" ordinal="0" offset="8" sl="30" sc="13" el="30" ec="13" bec="0" bev="0" fileid="4" />
                <SequencePoint vc="16" uspid="77" ordinal="0" offset="25" sl="31" sc="9" el="31" ec="9" bec="0" bev="0" fileid="4" />
              </SequencePoints>
              <BranchPoints />
            </Method>
            <Method visited="true" cyclomaticComplexity="0" nPathComplexity="0" sequenceCoverage="100.0" branchCoverage="0" crapScore="0" isConstructor="false" isStatic="false" isGetter="true" isSetter="false">
              <Summary numSequencePoints="1" visitedSequencePoints="1" numBranchPoints="0" visitedBranchPoints="0" sequenceCoverage="100.0" branchCoverage="0" maxCyclomaticComplexity="0" minCyclomaticComplexity="0" maxCrapScore="0" minCrapScore="0" visitedClasses="0" numClasses="0" visitedMethods="1" numMethods="1" />
              <MetadataToken>100663303</MetadataToken>
              <Name>System.Boolean SpinnerControl::get_Reverse()</Name>
              <FileRef uid="4" />
              <SequencePoints>
                <SequencePoint vc="16" uspid="78" ordinal="0" offset="0" sl="37" sc="16" el="37" ec="16" bec="0" bev="0" fileid="4" />
              </SequencePoints>
              <BranchPoints />
            </Method>
            <Method visited="true" cyclomaticComplexity="0" nPathComplexity="0" sequenceCoverage="100.0" branchCoverage="0" crapScore="0" isConstructor="false" isStatic="false" isGetter="false" isSetter="true">
              <Summary numSequencePoints="4" visitedSequencePoints="4" numBranchPoints="0" visitedBranchPoints="0" sequenceCoverage="100.0" branchCoverage="0" maxCyclomaticComplexity="0" minCyclomaticComplexity="0" maxCrapScore="0" minCrapScore="0" visitedClasses="0" numClasses="0" visitedMethods="1" numMethods="1" />
              <MetadataToken>100663304</MetadataToken>
              <Name>System.Void SpinnerControl::set_Reverse(System.Boolean)</Name>
              <FileRef uid="4" />
              <SequencePoints>
                <SequencePoint vc="16" uspid="79" ordinal="0" offset="0" sl="40" sc="9" el="40" ec="9" bec="0" bev="0" fileid="4" />
                <SequencePoint vc="16" uspid="80" ordinal="0" offset="1" sl="41" sc="13" el="41" ec="13" bec="0" bev="0" fileid="4" />
                <SequencePoint vc="16" uspid="81" ordinal="0" offset="8" sl="42" sc="13" el="42" ec="13" bec="0" bev="0" fileid="4" />
                <SequencePoint vc="16" uspid="82" ordinal="0" offset="25" sl="43" sc="9" el="43" ec="9" bec="0" bev="0" fileid="4" />
              </SequencePoints>
              <BranchPoints />
            </Method>
            <Method visited="true" cyclomaticComplexity="0" nPathComplexity="0" sequenceCoverage="100.0" branchCoverage="0" crapScore="0" isConstructor="false" isStatic="false" isGetter="true" isSetter="false">
              <Summary numSequencePoints="1" visitedSequencePoints="1" numBranchPoints="0" visitedBranchPoints="0" sequenceCoverage="100.0" branchCoverage="0" maxCyclomaticComplexity="0" minCyclomaticComplexity="0" maxCrapScore="0" minCrapScore="0" visitedClasses="0" numClasses="0" visitedMethods="1" numMethods="1" />
              <MetadataToken>100663305</MetadataToken>
              <Name>System.Single SpinnerControl::get_Speed()</Name>
              <FileRef uid="4" />
              <SequencePoints>
                <SequencePoint vc="16" uspid="83" ordinal="0" offset="0" sl="48" sc="16" el="48" ec="16" bec="0" bev="0" fileid="4" />
              </SequencePoints>
              <BranchPoints />
            </Method>
            <Method visited="true" cyclomaticComplexity="0" nPathComplexity="0" sequenceCoverage="100.0" branchCoverage="0" crapScore="0" isConstructor="false" isStatic="false" isGetter="false" isSetter="true">
              <Summary numSequencePoints="4" visitedSequencePoints="4" numBranchPoints="0" visitedBranchPoints="0" sequenceCoverage="100.0" branchCoverage="0" maxCyclomaticComplexity="0" minCyclomaticComplexity="0" maxCrapScore="0" minCrapScore="0" visitedClasses="0" numClasses="0" visitedMethods="1" numMethods="1" />
              <MetadataToken>100663306</MetadataToken>
              <Name>System.Void SpinnerControl::set_Speed(System.Single)</Name>
              <FileRef uid="4" />
              <SequencePoints>
                <SequencePoint vc="16" uspid="84" ordinal="0" offset="0" sl="51" sc="9" el="51" ec="9" bec="0" bev="0" fileid="4" />
                <SequencePoint vc="16" uspid="85" ordinal="0" offset="1" sl="52" sc="13" el="52" ec="13" bec="0" bev="0" fileid="4" />
                <SequencePoint vc="16" uspid="86" ordinal="0" offset="8" sl="53" sc="13" el="53" ec="13" bec="0" bev="0" fileid="4" />
                <SequencePoint vc="16" uspid="87" ordinal="0" offset="25" sl="54" sc="9" el="54" ec="9" bec="0" bev="0" fileid="4" />
              </SequencePoints>
              <BranchPoints />
            </Method>
            <Method visited="true" cyclomaticComplexity="0" nPathComplexity="0" sequenceCoverage="100.0" branchCoverage="0" crapScore="0" isConstructor="false" isStatic="false" isGetter="true" isSetter="false">
              <Summary numSequencePoints="1" visitedSequencePoints="1" numBranchPoints="0" visitedBranchPoints="0" sequenceCoverage="100.0" branchCoverage="0" maxCyclomaticComplexity="0" minCyclomaticComplexity="0" maxCrapScore="0" minCrapScore="0" visitedClasses="0" numClasses="0" visitedMethods="1" numMethods="1" />
              <MetadataToken>100663307</MetadataToken>
              <Name>System.Int32 SpinnerControl::get_ForceOnStatus()</Name>
              <FileRef uid="4" />
              <SequencePoints>
                <SequencePoint vc="32" uspid="88" ordinal="0" offset="0" sl="61" sc="16" el="61" ec="16" bec="0" bev="0" fileid="4" />
              </SequencePoints>
              <BranchPoints />
            </Method>
            <Method visited="true" cyclomaticComplexity="0" nPathComplexity="0" sequenceCoverage="100.0" branchCoverage="0" crapScore="0" isConstructor="false" isStatic="false" isGetter="false" isSetter="true">
              <Summary numSequencePoints="4" visitedSequencePoints="4" numBranchPoints="0" visitedBranchPoints="0" sequenceCoverage="100.0" branchCoverage="0" maxCyclomaticComplexity="0" minCyclomaticComplexity="0" maxCrapScore="0" minCrapScore="0" visitedClasses="0" numClasses="0" visitedMethods="1" numMethods="1" />
              <MetadataToken>100663308</MetadataToken>
              <Name>System.Void SpinnerControl::set_ForceOnStatus(System.Int32)</Name>
              <FileRef uid="4" />
              <SequencePoints>
                <SequencePoint vc="16" uspid="89" ordinal="0" offset="0" sl="64" sc="9" el="64" ec="9" bec="0" bev="0" fileid="4" />
                <SequencePoint vc="16" uspid="90" ordinal="0" offset="1" sl="65" sc="13" el="65" ec="13" bec="0" bev="0" fileid="4" />
                <SequencePoint vc="16" uspid="91" ordinal="0" offset="8" sl="66" sc="13" el="66" ec="13" bec="0" bev="0" fileid="4" />
                <SequencePoint vc="16" uspid="92" ordinal="0" offset="25" sl="67" sc="9" el="67" ec="9" bec="0" bev="0" fileid="4" />
              </SequencePoints>
              <BranchPoints />
            </Method>
            <Method visited="true" cyclomaticComplexity="0" nPathComplexity="0" sequenceCoverage="100.0" branchCoverage="0" crapScore="0" isConstructor="false" isStatic="false" isGetter="true" isSetter="false">
              <Summary numSequencePoints="1" visitedSequencePoints="1" numBranchPoints="0" visitedBranchPoints="0" sequenceCoverage="100.0" branchCoverage="0" maxCyclomaticComplexity="0" minCyclomaticComplexity="0" maxCrapScore="0" minCrapScore="0" visitedClasses="0" numClasses="0" visitedMethods="1" numMethods="1" />
              <MetadataToken>100663309</MetadataToken>
              <Name>System.Int32 SpinnerControl::get_ForceReverseStatus()</Name>
              <FileRef uid="4" />
              <SequencePoints>
                <SequencePoint vc="16" uspid="93" ordinal="0" offset="0" sl="70" sc="37" el="70" ec="37" bec="0" bev="0" fileid="4" />
              </SequencePoints>
              <BranchPoints />
            </Method>
            <Method visited="true" cyclomaticComplexity="0" nPathComplexity="0" sequenceCoverage="100.0" branchCoverage="0" crapScore="0" isConstructor="false" isStatic="false" isGetter="false" isSetter="true">
              <Summary numSequencePoints="1" visitedSequencePoints="1" numBranchPoints="0" visitedBranchPoints="0" sequenceCoverage="100.0" branchCoverage="0" maxCyclomaticComplexity="0" minCyclomaticComplexity="0" maxCrapScore="0" minCrapScore="0" visitedClasses="0" numClasses="0" visitedMethods="1" numMethods="1" />
              <MetadataToken>100663310</MetadataToken>
              <Name>System.Void SpinnerControl::set_ForceReverseStatus(System.Int32)</Name>
              <FileRef uid="4" />
              <SequencePoints>
                <SequencePoint vc="16" uspid="94" ordinal="0" offset="0" sl="70" sc="42" el="70" ec="42" bec="0" bev="0" fileid="4" />
              </SequencePoints>
              <BranchPoints />
            </Method>
            <Method visited="true" cyclomaticComplexity="0" nPathComplexity="0" sequenceCoverage="100.0" branchCoverage="0" crapScore="0" isConstructor="false" isStatic="false" isGetter="true" isSetter="false">
              <Summary numSequencePoints="1" visitedSequencePoints="1" numBranchPoints="0" visitedBranchPoints="0" sequenceCoverage="100.0" branchCoverage="0" maxCyclomaticComplexity="0" minCyclomaticComplexity="0" maxCrapScore="0" minCrapScore="0" visitedClasses="0" numClasses="0" visitedMethods="1" numMethods="1" />
              <MetadataToken>100663311</MetadataToken>
              <Name>System.Boolean SpinnerControl::get_ReleaseSpeedStatus()</Name>
              <FileRef uid="4" />
              <SequencePoints>
                <SequencePoint vc="16" uspid="95" ordinal="0" offset="0" sl="71" sc="38" el="71" ec="38" bec="0" bev="0" fileid="4" />
              </SequencePoints>
              <BranchPoints />
            </Method>
            <Method visited="true" cyclomaticComplexity="0" nPathComplexity="0" sequenceCoverage="100.0" branchCoverage="0" crapScore="0" isConstructor="false" isStatic="false" isGetter="false" isSetter="true">
              <Summary numSequencePoints="1" visitedSequencePoints="1" numBranchPoints="0" visitedBranchPoints="0" sequenceCoverage="100.0" branchCoverage="0" maxCyclomaticComplexity="0" minCyclomaticComplexity="0" maxCrapScore="0" minCrapScore="0" visitedClasses="0" numClasses="0" visitedMethods="1" numMethods="1" />
              <MetadataToken>100663312</MetadataToken>
              <Name>System.Void SpinnerControl::set_ReleaseSpeedStatus(System.Boolean)</Name>
              <FileRef uid="4" />
              <SequencePoints>
                <SequencePoint vc="16" uspid="96" ordinal="0" offset="0" sl="71" sc="43" el="71" ec="43" bec="0" bev="0" fileid="4" />
              </SequencePoints>
              <BranchPoints />
            </Method>
            <Method visited="true" cyclomaticComplexity="0" nPathComplexity="0" sequenceCoverage="100.0" branchCoverage="0" crapScore="0" isConstructor="false" isStatic="false" isGetter="true" isSetter="false">
              <Summary numSequencePoints="1" visitedSequencePoints="1" numBranchPoints="0" visitedBranchPoints="0" sequenceCoverage="100.0" branchCoverage="0" maxCyclomaticComplexity="0" minCyclomaticComplexity="0" maxCrapScore="0" minCrapScore="0" visitedClasses="0" numClasses="0" visitedMethods="1" numMethods="1" />
              <MetadataToken>100663313</MetadataToken>
              <Name>System.Single SpinnerControl::get_ForcedSpeedValue()</Name>
              <FileRef uid="4" />
              <SequencePoints>
                <SequencePoint vc="16" uspid="97" ordinal="0" offset="0" sl="72" sc="37" el="72" ec="37" bec="0" bev="0" fileid="4" />
              </SequencePoints>
              <BranchPoints />
            </Method>
            <Method visited="true" cyclomaticComplexity="0" nPathComplexity="0" sequenceCoverage="100.0" branchCoverage="0" crapScore="0" isConstructor="false" isStatic="false" isGetter="false" isSetter="true">
              <Summary numSequencePoints="1" visitedSequencePoints="1" numBranchPoints="0" visitedBranchPoints="0" sequenceCoverage="100.0" branchCoverage="0" maxCyclomaticComplexity="0" minCyclomaticComplexity="0" maxCrapScore="0" minCrapScore="0" visitedClasses="0" numClasses="0" visitedMethods="1" numMethods="1" />
              <MetadataToken>100663314</MetadataToken>
              <Name>System.Void SpinnerControl::set_ForcedSpeedValue(System.Single)</Name>
              <FileRef uid="4" />
              <SequencePoints>
                <SequencePoint vc="16" uspid="98" ordinal="0" offset="0" sl="72" sc="42" el="72" ec="42" bec="0" bev="0" fileid="4" />
              </SequencePoints>
              <BranchPoints />
            </Method>
            <Method visited="true" cyclomaticComplexity="0" nPathComplexity="0" sequenceCoverage="100.0" branchCoverage="0" crapScore="0" isConstructor="false" isStatic="false" isGetter="false" isSetter="false">
              <Summary numSequencePoints="5" visitedSequencePoints="5" numBranchPoints="0" visitedBranchPoints="0" sequenceCoverage="100.0" branchCoverage="0" maxCyclomaticComplexity="0" minCyclomaticComplexity="0" maxCrapScore="0" minCrapScore="0" visitedClasses="0" numClasses="0" visitedMethods="1" numMethods="1" />
              <MetadataToken>100663315</MetadataToken>
              <Name>System.Void SpinnerControl::FixedUpdate()</Name>
              <FileRef uid="4" />
              <SequencePoints>
                <SequencePoint vc="18680" uspid="99" ordinal="0" offset="0" sl="77" sc="5" el="77" ec="5" bec="0" bev="0" fileid="4" />
                <SequencePoint vc="18680" uspid="100" ordinal="0" offset="1" sl="78" sc="9" el="78" ec="9" bec="0" bev="0" fileid="4" />
                <SequencePoint vc="16345" uspid="101" ordinal="0" offset="14" sl="78" sc="36" el="78" ec="36" bec="0" bev="0" fileid="4" />
                <SequencePoint vc="2335" uspid="102" ordinal="0" offset="16" sl="80" sc="9" el="80" ec="9" bec="0" bev="0" fileid="4" />
                <SequencePoint vc="18680" uspid="103" ordinal="0" offset="28" sl="81" sc="5" el="81" ec="5" bec="0" bev="0" fileid="4" />
              </SequencePoints>
              <BranchPoints />
            </Method>
            <Method visited="false" cyclomaticComplexity="0" nPathComplexity="0" sequenceCoverage="0.0" branchCoverage="0" crapScore="0" isConstructor="false" isStatic="false" isGetter="false" isSetter="false">
              <Summary numSequencePoints="6" visitedSequencePoints="0" numBranchPoints="0" visitedBranchPoints="0" sequenceCoverage="0.0" branchCoverage="0" maxCyclomaticComplexity="0" minCyclomaticComplexity="0" maxCrapScore="0" minCrapScore="0" visitedClasses="0" numClasses="0" visitedMethods="0" numMethods="1" />
              <MetadataToken>100663316</MetadataToken>
              <Name>System.Void SpinnerControl::SetSpeedValue(System.String)</Name>
              <FileRef uid="4" />
              <SequencePoints>
                <SequencePoint vc="0" uspid="104" ordinal="0" offset="0" sl="84" sc="0" el="84" ec="0" bec="0" bev="0" fileid="4" />
                <SequencePoint vc="0" uspid="105" ordinal="0" offset="1" sl="85" sc="0" el="85" ec="0" bec="0" bev="0" fileid="4" />
                <SequencePoint vc="0" uspid="106" ordinal="0" offset="13" sl="86" sc="0" el="86" ec="0" bec="0" bev="0" fileid="4" />
                <SequencePoint vc="0" uspid="107" ordinal="0" offset="14" sl="87" sc="0" el="87" ec="0" bec="0" bev="0" fileid="4" />
                <SequencePoint vc="0" uspid="108" ordinal="0" offset="22" sl="88" sc="0" el="88" ec="0" bec="0" bev="0" fileid="4" />
                <SequencePoint vc="0" uspid="109" ordinal="0" offset="23" sl="89" sc="0" el="89" ec="0" bec="0" bev="0" fileid="4" />
              </SequencePoints>
              <BranchPoints />
            </Method>
          </Methods>
        </Class>
        <Class>
          <Summary numSequencePoints="37" visitedSequencePoints="34" numBranchPoints="0" visitedBranchPoints="0" sequenceCoverage="91.89" branchCoverage="0.0" maxCyclomaticComplexity="0" minCyclomaticComplexity="0" maxCrapScore="0" minCrapScore="0" visitedClasses="1" numClasses="1" visitedMethods="5" numMethods="5" />
          <FullName>SpinnerLogic</FullName>
          <Methods>
            <Method visited="true" cyclomaticComplexity="0" nPathComplexity="0" sequenceCoverage="100.0" branchCoverage="0" crapScore="0" isConstructor="false" isStatic="false" isGetter="true" isSetter="false">
              <Summary numSequencePoints="3" visitedSequencePoints="3" numBranchPoints="0" visitedBranchPoints="0" sequenceCoverage="100.0" branchCoverage="0" maxCyclomaticComplexity="0" minCyclomaticComplexity="0" maxCrapScore="0" minCrapScore="0" visitedClasses="0" numClasses="0" visitedMethods="1" numMethods="1" />
              <MetadataToken>100663337</MetadataToken>
              <Name>System.Boolean SpinnerLogic::get_OnStatus()</Name>
              <FileRef uid="4" />
              <SequencePoints>
                <SequencePoint vc="32" uspid="110" ordinal="0" offset="0" sl="126" sc="9" el="126" ec="9" bec="0" bev="0" fileid="4" />
                <SequencePoint vc="32" uspid="111" ordinal="0" offset="1" sl="127" sc="13" el="127" ec="13" bec="0" bev="0" fileid="4" />
                <SequencePoint vc="32" uspid="112" ordinal="0" offset="44" sl="128" sc="9" el="128" ec="9" bec="0" bev="0" fileid="4" />
              </SequencePoints>
              <BranchPoints />
            </Method>
            <Method visited="true" cyclomaticComplexity="0" nPathComplexity="0" sequenceCoverage="100.0" branchCoverage="0" crapScore="0" isConstructor="false" isStatic="false" isGetter="true" isSetter="false">
              <Summary numSequencePoints="3" visitedSequencePoints="3" numBranchPoints="0" visitedBranchPoints="0" sequenceCoverage="100.0" branchCoverage="0" maxCyclomaticComplexity="0" minCyclomaticComplexity="0" maxCrapScore="0" minCrapScore="0" visitedClasses="0" numClasses="0" visitedMethods="1" numMethods="1" />
              <MetadataToken>100663338</MetadataToken>
              <Name>System.Boolean SpinnerLogic::get_ReverseStatus()</Name>
              <FileRef uid="4" />
              <SequencePoints>
                <SequencePoint vc="16" uspid="113" ordinal="0" offset="0" sl="134" sc="9" el="134" ec="9" bec="0" bev="0" fileid="4" />
                <SequencePoint vc="16" uspid="114" ordinal="0" offset="1" sl="135" sc="13" el="135" ec="13" bec="0" bev="0" fileid="4" />
                <SequencePoint vc="16" uspid="115" ordinal="0" offset="44" sl="136" sc="9" el="136" ec="9" bec="0" bev="0" fileid="4" />
              </SequencePoints>
              <BranchPoints />
            </Method>
            <Method visited="true" cyclomaticComplexity="0" nPathComplexity="0" sequenceCoverage="100.0" branchCoverage="0" crapScore="0" isConstructor="false" isStatic="false" isGetter="true" isSetter="false">
              <Summary numSequencePoints="5" visitedSequencePoints="5" numBranchPoints="0" visitedBranchPoints="0" sequenceCoverage="100.0" branchCoverage="0" maxCyclomaticComplexity="0" minCyclomaticComplexity="0" maxCrapScore="0" minCrapScore="0" visitedClasses="0" numClasses="0" visitedMethods="1" numMethods="1" />
              <MetadataToken>100663339</MetadataToken>
              <Name>System.Single SpinnerLogic::get_SpeedValue()</Name>
              <FileRef uid="4" />
              <SequencePoints>
                <SequencePoint vc="16" uspid="116" ordinal="0" offset="0" sl="142" sc="9" el="142" ec="9" bec="0" bev="0" fileid="4" />
                <SequencePoint vc="16" uspid="117" ordinal="0" offset="1" sl="143" sc="13" el="143" ec="13" bec="0" bev="0" fileid="4" />
                <SequencePoint vc="16" uspid="118" ordinal="0" offset="53" sl="145" sc="13" el="145" ec="13" bec="0" bev="0" fileid="4" />
                <SequencePoint vc="16" uspid="119" ordinal="0" offset="66" sl="146" sc="13" el="146" ec="13" bec="0" bev="0" fileid="4" />
                <SequencePoint vc="16" uspid="120" ordinal="0" offset="70" sl="148" sc="9" el="148" ec="9" bec="0" bev="0" fileid="4" />
              </SequencePoints>
              <BranchPoints />
            </Method>
            <Method visited="true" cyclomaticComplexity="0" nPathComplexity="0" sequenceCoverage="85.00" branchCoverage="0" crapScore="0" isConstructor="false" isStatic="false" isGetter="false" isSetter="false">
              <Summary numSequencePoints="20" visitedSequencePoints="17" numBranchPoints="0" visitedBranchPoints="0" sequenceCoverage="85.00" branchCoverage="0" maxCyclomaticComplexity="0" minCyclomaticComplexity="0" maxCrapScore="0" minCrapScore="0" visitedClasses="0" numClasses="0" visitedMethods="1" numMethods="1" />
              <MetadataToken>100663340</MetadataToken>
              <Name>System.Void SpinnerLogic::UpdateSimulation()</Name>
              <FileRef uid="4" />
              <SequencePoints>
                <SequencePoint vc="2335" uspid="121" ordinal="0" offset="0" sl="152" sc="5" el="152" ec="5" bec="0" bev="0" fileid="4" />
                <SequencePoint vc="2335" uspid="122" ordinal="0" offset="1" sl="153" sc="9" el="153" ec="9" bec="0" bev="0" fileid="4" />
                <SequencePoint vc="1614" uspid="123" ordinal="0" offset="28" sl="154" sc="9" el="154" ec="9" bec="0" bev="0" fileid="4" />
                <SequencePoint vc="1614" uspid="124" ordinal="0" offset="29" sl="155" sc="13" el="155" ec="13" bec="0" bev="0" fileid="4" />
                <SequencePoint vc="1614" uspid="125" ordinal="0" offset="35" sl="157" sc="13" el="157" ec="13" bec="0" bev="0" fileid="4" />
                <SequencePoint vc="1614" uspid="126" ordinal="0" offset="50" sl="158" sc="13" el="158" ec="13" bec="0" bev="0" fileid="4" />
                <SequencePoint vc="1614" uspid="127" ordinal="0" offset="51" sl="159" sc="17" el="159" ec="17" bec="0" bev="0" fileid="4" />
                <SequencePoint vc="1614" uspid="128" ordinal="0" offset="82" sl="160" sc="17" el="160" ec="17" bec="0" bev="0" fileid="4" />
                <SequencePoint vc="1614" uspid="129" ordinal="0" offset="111" sl="161" sc="13" el="161" ec="13" bec="0" bev="0" fileid="4" />
                <SequencePoint vc="0" uspid="130" ordinal="0" offset="114" sl="163" sc="13" el="163" ec="13" bec="0" bev="0" fileid="4" />
                <SequencePoint vc="0" uspid="131" ordinal="0" offset="115" sl="164" sc="17" el="164" ec="17" bec="0" bev="0" fileid="4" />
                <SequencePoint vc="0" uspid="132" ordinal="0" offset="142" sl="165" sc="13" el="165" ec="13" bec="0" bev="0" fileid="4" />
                <SequencePoint vc="1614" uspid="133" ordinal="0" offset="143" sl="167" sc="17" el="167" ec="17" bec="0" bev="0" fileid="4" />
                <SequencePoint vc="11298" uspid="134" ordinal="0" offset="147" sl="168" sc="13" el="168" ec="13" bec="0" bev="0" fileid="4" />
                <SequencePoint vc="11298" uspid="135" ordinal="0" offset="148" sl="169" sc="17" el="169" ec="17" bec="0" bev="0" fileid="4" />
                <SequencePoint vc="11298" uspid="136" ordinal="0" offset="163" sl="170" sc="13" el="170" ec="13" bec="0" bev="0" fileid="4" />
                <SequencePoint vc="11298" uspid="137" ordinal="0" offset="164" sl="167" sc="53" el="167" ec="53" bec="0" bev="0" fileid="4" />
                <SequencePoint vc="12912" uspid="138" ordinal="0" offset="168" sl="167" sc="28" el="167" ec="28" bec="0" bev="0" fileid="4" />
                <SequencePoint vc="1614" uspid="139" ordinal="0" offset="185" sl="171" sc="9" el="171" ec="9" bec="0" bev="0" fileid="4" />
                <SequencePoint vc="2335" uspid="140" ordinal="0" offset="186" sl="172" sc="5" el="172" ec="5" bec="0" bev="0" fileid="4" />
              </SequencePoints>
              <BranchPoints />
            </Method>
            <Method visited="true" cyclomaticComplexity="0" nPathComplexity="0" sequenceCoverage="100.0" branchCoverage="0" crapScore="0" isConstructor="true" isStatic="false" isGetter="false" isSetter="false">
              <Summary numSequencePoints="6" visitedSequencePoints="6" numBranchPoints="0" visitedBranchPoints="0" sequenceCoverage="100.0" branchCoverage="0" maxCyclomaticComplexity="0" minCyclomaticComplexity="0" maxCrapScore="0" minCrapScore="0" visitedClasses="0" numClasses="0" visitedMethods="1" numMethods="1" />
              <MetadataToken>100663336</MetadataToken>
              <Name>SpinnerLogic::SpinnerLogic(ISpinnerControlAdapter, SpinnerSimulation[])</Name>
              <FileRef uid="4" />
              <SequencePoints>
                <SequencePoint vc="16" uspid="141" ordinal="0" offset="0" sl="115" sc="5" el="115" ec="5" bec="0" bev="0" fileid="4" />
                <SequencePoint vc="16" uspid="142" ordinal="0" offset="7" sl="116" sc="5" el="116" ec="5" bec="0" bev="0" fileid="4" />
                <SequencePoint vc="16" uspid="143" ordinal="0" offset="8" sl="117" sc="9" el="117" ec="9" bec="0" bev="0" fileid="4" />
                <SequencePoint vc="16" uspid="144" ordinal="0" offset="15" sl="118" sc="9" el="118" ec="9" bec="0" bev="0" fileid="4" />
                <SequencePoint vc="16" uspid="145" ordinal="0" offset="27" sl="119" sc="9" el="119" ec="9" bec="0" bev="0" fileid="4" />
                <SequencePoint vc="16" uspid="146" ordinal="0" offset="34" sl="120" sc="5" el="120" ec="5" bec="0" bev="0" fileid="4" />
              </SequencePoints>
              <BranchPoints />
            </Method>
          </Methods>
        </Class>
        <Class>
          <Summary numSequencePoints="9" visitedSequencePoints="9" numBranchPoints="0" visitedBranchPoints="0" sequenceCoverage="100.0" branchCoverage="0.0" maxCyclomaticComplexity="0" minCyclomaticComplexity="0" maxCrapScore="0" minCrapScore="0" visitedClasses="1" numClasses="1" visitedMethods="2" numMethods="2" />
          <FullName>SpinnerSimulation</FullName>
          <Methods>
            <Method visited="true" cyclomaticComplexity="0" nPathComplexity="0" sequenceCoverage="100.0" branchCoverage="0" crapScore="0" isConstructor="false" isStatic="false" isGetter="false" isSetter="false">
              <Summary numSequencePoints="5" visitedSequencePoints="5" numBranchPoints="0" visitedBranchPoints="0" sequenceCoverage="100.0" branchCoverage="0" maxCyclomaticComplexity="0" minCyclomaticComplexity="0" maxCrapScore="0" minCrapScore="0" visitedClasses="0" numClasses="0" visitedMethods="1" numMethods="1" />
              <MetadataToken>100663342</MetadataToken>
              <Name>System.Void SpinnerSimulation::UpdateSpinnerMotor(System.Single)</Name>
              <FileRef uid="4" />
              <SequencePoints>
                <SequencePoint vc="11298" uspid="147" ordinal="0" offset="0" sl="185" sc="5" el="185" ec="5" bec="0" bev="0" fileid="4" />
                <SequencePoint vc="11298" uspid="148" ordinal="0" offset="1" sl="186" sc="9" el="186" ec="9" bec="0" bev="0" fileid="4" />
                <SequencePoint vc="11298" uspid="149" ordinal="0" offset="13" sl="187" sc="9" el="187" ec="9" bec="0" bev="0" fileid="4" />
                <SequencePoint vc="11298" uspid="150" ordinal="0" offset="40" sl="188" sc="9" el="188" ec="9" bec="0" bev="0" fileid="4" />
                <SequencePoint vc="11298" uspid="151" ordinal="0" offset="53" sl="189" sc="5" el="189" ec="5" bec="0" bev="0" fileid="4" />
              </SequencePoints>
              <BranchPoints />
            </Method>
            <Method visited="true" cyclomaticComplexity="0" nPathComplexity="0" sequenceCoverage="100.0" branchCoverage="0" crapScore="0" isConstructor="true" isStatic="false" isGetter="false" isSetter="false">
              <Summary numSequencePoints="4" visitedSequencePoints="4" numBranchPoints="0" visitedBranchPoints="0" sequenceCoverage="100.0" branchCoverage="0" maxCyclomaticComplexity="0" minCyclomaticComplexity="0" maxCrapScore="0" minCrapScore="0" visitedClasses="0" numClasses="0" visitedMethods="1" numMethods="1" />
              <MetadataToken>100663341</MetadataToken>
              <Name>SpinnerSimulation::SpinnerSimulation(ISpinnerUnitAdapter)</Name>
              <FileRef uid="4" />
              <SequencePoints>
                <SequencePoint vc="112" uspid="152" ordinal="0" offset="0" sl="179" sc="5" el="179" ec="5" bec="0" bev="0" fileid="4" />
                <SequencePoint vc="112" uspid="153" ordinal="0" offset="7" sl="180" sc="5" el="180" ec="5" bec="0" bev="0" fileid="4" />
                <SequencePoint vc="112" uspid="154" ordinal="0" offset="8" sl="181" sc="9" el="181" ec="9" bec="0" bev="0" fileid="4" />
                <SequencePoint vc="112" uspid="155" ordinal="0" offset="15" sl="182" sc="5" el="182" ec="5" bec="0" bev="0" fileid="4" />
              </SequencePoints>
              <BranchPoints />
            </Method>
          </Methods>
        </Class>
        <Class>
          <Summary numSequencePoints="11" visitedSequencePoints="11" numBranchPoints="0" visitedBranchPoints="0" sequenceCoverage="100.0" branchCoverage="0.0" maxCyclomaticComplexity="0" minCyclomaticComplexity="0" maxCrapScore="0" minCrapScore="0" visitedClasses="1" numClasses="1" visitedMethods="3" numMethods="3" />
          <FullName>SpinnerGroup</FullName>
          <Methods>
            <Method visited="true" cyclomaticComplexity="0" nPathComplexity="0" sequenceCoverage="100.0" branchCoverage="0" crapScore="0" isConstructor="false" isStatic="false" isGetter="false" isSetter="false">
              <Summary numSequencePoints="7" visitedSequencePoints="7" numBranchPoints="0" visitedBranchPoints="0" sequenceCoverage="100.0" branchCoverage="0" maxCyclomaticComplexity="0" minCyclomaticComplexity="0" maxCrapScore="0" minCrapScore="0" visitedClasses="0" numClasses="0" visitedMethods="1" numMethods="1" />
              <MetadataToken>100663343</MetadataToken>
              <Name>System.Void SpinnerGroup::SimulationUnitRegister(SpinnerSimulation)</Name>
              <FileRef uid="5" />
              <SequencePoints>
                <SequencePoint vc="112" uspid="156" ordinal="0" offset="0" sl="11" sc="5" el="11" ec="5" bec="0" bev="0" fileid="5" />
                <SequencePoint vc="112" uspid="157" ordinal="0" offset="1" sl="12" sc="9" el="12" ec="9" bec="0" bev="0" fileid="5" />
                <SequencePoint vc="112" uspid="158" ordinal="0" offset="14" sl="14" sc="9" el="14" ec="9" bec="0" bev="0" fileid="5" />
                <SequencePoint vc="16" uspid="159" ordinal="0" offset="39" sl="15" sc="9" el="15" ec="9" bec="0" bev="0" fileid="5" />
                <SequencePoint vc="16" uspid="160" ordinal="0" offset="40" sl="16" sc="13" el="16" ec="13" bec="0" bev="0" fileid="5" />
                <SequencePoint vc="16" uspid="161" ordinal="0" offset="63" sl="17" sc="9" el="17" ec="9" bec="0" bev="0" fileid="5" />
                <SequencePoint vc="112" uspid="162" ordinal="0" offset="64" sl="18" sc="5" el="18" ec="5" bec="0" bev="0" fileid="5" />
              </SequencePoints>
              <BranchPoints />
            </Method>
            <Method visited="true" cyclomaticComplexity="0" nPathComplexity="0" sequenceCoverage="100.0" branchCoverage="0" crapScore="0" isConstructor="false" isStatic="false" isGetter="false" isSetter="false">
              <Summary numSequencePoints="3" visitedSequencePoints="3" numBranchPoints="0" visitedBranchPoints="0" sequenceCoverage="100.0" branchCoverage="0" maxCyclomaticComplexity="0" minCyclomaticComplexity="0" maxCrapScore="0" minCrapScore="0" visitedClasses="0" numClasses="0" visitedMethods="1" numMethods="1" />
              <MetadataToken>100663344</MetadataToken>
              <Name>System.Void SpinnerGroup::OnValidate()</Name>
              <FileRef uid="5" />
              <SequencePoints>
                <SequencePoint vc="16" uspid="163" ordinal="0" offset="0" sl="21" sc="5" el="21" ec="5" bec="0" bev="0" fileid="5" />
                <SequencePoint vc="16" uspid="164" ordinal="0" offset="1" sl="22" sc="9" el="22" ec="9" bec="0" bev="0" fileid="5" />
                <SequencePoint vc="16" uspid="165" ordinal="0" offset="54" sl="24" sc="5" el="24" ec="5" bec="0" bev="0" fileid="5" />
              </SequencePoints>
              <BranchPoints />
            </Method>
            <Method visited="true" cyclomaticComplexity="0" nPathComplexity="0" sequenceCoverage="100.0" branchCoverage="0" crapScore="0" isConstructor="true" isStatic="false" isGetter="false" isSetter="false">
              <Summary numSequencePoints="1" visitedSequencePoints="1" numBranchPoints="0" visitedBranchPoints="0" sequenceCoverage="100.0" branchCoverage="0" maxCyclomaticComplexity="0" minCyclomaticComplexity="0" maxCrapScore="0" minCrapScore="0" visitedClasses="0" numClasses="0" visitedMethods="1" numMethods="1" />
              <MetadataToken>100663345</MetadataToken>
              <Name>SpinnerGroup::SpinnerGroup()</Name>
              <FileRef uid="5" />
              <SequencePoints>
                <SequencePoint vc="16" uspid="166" ordinal="0" offset="0" sl="8" sc="5" el="8" ec="5" bec="0" bev="0" fileid="5" />
              </SequencePoints>
              <BranchPoints />
            </Method>
          </Methods>
        </Class>
        <Class>
          <Summary numSequencePoints="70" visitedSequencePoints="52" numBranchPoints="0" visitedBranchPoints="0" sequenceCoverage="74.29" branchCoverage="0.0" maxCyclomaticComplexity="0" minCyclomaticComplexity="0" maxCrapScore="0" minCrapScore="0" visitedClasses="1" numClasses="1" visitedMethods="11" numMethods="13" />
          <FullName>SpinnerUnit</FullName>
          <Methods>
            <Method visited="true" cyclomaticComplexity="0" nPathComplexity="0" sequenceCoverage="100.0" branchCoverage="0" crapScore="0" isConstructor="false" isStatic="false" isGetter="true" isSetter="false">
              <Summary numSequencePoints="1" visitedSequencePoints="1" numBranchPoints="0" visitedBranchPoints="0" sequenceCoverage="100.0" branchCoverage="0" maxCyclomaticComplexity="0" minCyclomaticComplexity="0" maxCrapScore="0" minCrapScore="0" visitedClasses="0" numClasses="0" visitedMethods="1" numMethods="1" />
              <MetadataToken>100663346</MetadataToken>
              <Name>UnityEngine.JointMotor SpinnerUnit::get_Motor()</Name>
              <FileRef uid="6" />
              <SequencePoints>
                <SequencePoint vc="11298" uspid="167" ordinal="0" offset="0" sl="10" sc="38" el="10" ec="38" bec="0" bev="0" fileid="6" />
              </SequencePoints>
              <BranchPoints />
            </Method>
            <Method visited="true" cyclomaticComplexity="0" nPathComplexity="0" sequenceCoverage="100.0" branchCoverage="0" crapScore="0" isConstructor="false" isStatic="false" isGetter="false" isSetter="true">
              <Summary numSequencePoints="1" visitedSequencePoints="1" numBranchPoints="0" visitedBranchPoints="0" sequenceCoverage="100.0" branchCoverage="0" maxCyclomaticComplexity="0" minCyclomaticComplexity="0" maxCrapScore="0" minCrapScore="0" visitedClasses="0" numClasses="0" visitedMethods="1" numMethods="1" />
              <MetadataToken>100663347</MetadataToken>
              <Name>System.Void SpinnerUnit::set_Motor(UnityEngine.JointMotor)</Name>
              <FileRef uid="6" />
              <SequencePoints>
                <SequencePoint vc="11298" uspid="168" ordinal="0" offset="0" sl="10" sc="59" el="10" ec="59" bec="0" bev="0" fileid="6" />
              </SequencePoints>
              <BranchPoints />
            </Method>
            <Method visited="true" cyclomaticComplexity="0" nPathComplexity="0" sequenceCoverage="100.0" branchCoverage="0" crapScore="0" isConstructor="false" isStatic="false" isGetter="true" isSetter="false">
              <Summary numSequencePoints="1" visitedSequencePoints="1" numBranchPoints="0" visitedBranchPoints="0" sequenceCoverage="100.0" branchCoverage="0" maxCyclomaticComplexity="0" minCyclomaticComplexity="0" maxCrapScore="0" minCrapScore="0" visitedClasses="0" numClasses="0" visitedMethods="1" numMethods="1" />
              <MetadataToken>100663348</MetadataToken>
              <Name>System.Single SpinnerUnit::get_SpeedFactor()</Name>
              <FileRef uid="6" />
              <SequencePoints>
                <SequencePoint vc="11298" uspid="169" ordinal="0" offset="0" sl="11" sc="33" el="11" ec="33" bec="0" bev="0" fileid="6" />
              </SequencePoints>
              <BranchPoints />
            </Method>
            <Method visited="true" cyclomaticComplexity="0" nPathComplexity="0" sequenceCoverage="100.0" branchCoverage="0" crapScore="0" isConstructor="false" isStatic="false" isGetter="true" isSetter="false">
              <Summary numSequencePoints="1" visitedSequencePoints="1" numBranchPoints="0" visitedBranchPoints="0" sequenceCoverage="100.0" branchCoverage="0" maxCyclomaticComplexity="0" minCyclomaticComplexity="0" maxCrapScore="0" minCrapScore="0" visitedClasses="0" numClasses="0" visitedMethods="1" numMethods="1" />
              <MetadataToken>100663349</MetadataToken>
              <Name>System.Boolean SpinnerUnit::get_IsGrouped()</Name>
              <FileRef uid="6" />
              <SequencePoints>
                <SequencePoint vc="112" uspid="170" ordinal="0" offset="0" sl="30" sc="30" el="30" ec="30" bec="0" bev="0" fileid="6" />
              </SequencePoints>
              <BranchPoints />
            </Method>
            <Method visited="false" cyclomaticComplexity="0" nPathComplexity="0" sequenceCoverage="0.0" branchCoverage="0" crapScore="0" isConstructor="false" isStatic="false" isGetter="true" isSetter="false">
              <Summary numSequencePoints="1" visitedSequencePoints="0" numBranchPoints="0" visitedBranchPoints="0" sequenceCoverage="0.0" branchCoverage="0" maxCyclomaticComplexity="0" minCyclomaticComplexity="0" maxCrapScore="0" minCrapScore="0" visitedClasses="0" numClasses="0" visitedMethods="0" numMethods="1" />
              <MetadataToken>100663350</MetadataToken>
              <Name>SpinnerSimulation SpinnerUnit::get_SpinnerSimulation()</Name>
              <FileRef uid="6" />
              <SequencePoints>
                <SequencePoint vc="0" uspid="171" ordinal="0" offset="0" sl="34" sc="0" el="34" ec="0" bec="0" bev="0" fileid="6" />
              </SequencePoints>
              <BranchPoints />
            </Method>
            <Method visited="true" cyclomaticComplexity="0" nPathComplexity="0" sequenceCoverage="76.92" branchCoverage="0" crapScore="0" isConstructor="false" isStatic="false" isGetter="false" isSetter="false">
              <Summary numSequencePoints="13" visitedSequencePoints="10" numBranchPoints="0" visitedBranchPoints="0" sequenceCoverage="76.92" branchCoverage="0" maxCyclomaticComplexity="0" minCyclomaticComplexity="0" maxCrapScore="0" minCrapScore="0" visitedClasses="0" numClasses="0" visitedMethods="1" numMethods="1" />
              <MetadataToken>100663351</MetadataToken>
              <Name>System.Void SpinnerUnit::Awake()</Name>
              <FileRef uid="6" />
              <SequencePoints>
                <SequencePoint vc="112" uspid="172" ordinal="0" offset="0" sl="37" sc="5" el="37" ec="5" bec="0" bev="0" fileid="6" />
                <SequencePoint vc="112" uspid="173" ordinal="0" offset="1" sl="38" sc="9" el="38" ec="9" bec="0" bev="0" fileid="6" />
                <SequencePoint vc="112" uspid="174" ordinal="0" offset="13" sl="40" sc="9" el="40" ec="9" bec="0" bev="0" fileid="6" />
                <SequencePoint vc="112" uspid="175" ordinal="0" offset="28" sl="41" sc="9" el="41" ec="9" bec="0" bev="0" fileid="6" />
                <SequencePoint vc="112" uspid="176" ordinal="0" offset="29" sl="42" sc="13" el="42" ec="13" bec="0" bev="0" fileid="6" />
                <SequencePoint vc="112" uspid="177" ordinal="0" offset="47" sl="43" sc="9" el="43" ec="9" bec="0" bev="0" fileid="6" />
                <SequencePoint vc="0" uspid="178" ordinal="0" offset="50" sl="45" sc="9" el="45" ec="9" bec="0" bev="0" fileid="6" />
                <SequencePoint vc="0" uspid="179" ordinal="0" offset="51" sl="46" sc="13" el="46" ec="13" bec="0" bev="0" fileid="6" />
                <SequencePoint vc="0" uspid="180" ordinal="0" offset="78" sl="47" sc="9" el="47" ec="9" bec="0" bev="0" fileid="6" />
                <SequencePoint vc="112" uspid="181" ordinal="0" offset="79" sl="49" sc="9" el="49" ec="9" bec="0" bev="0" fileid="6" />
                <SequencePoint vc="112" uspid="182" ordinal="0" offset="86" sl="50" sc="9" el="50" ec="9" bec="0" bev="0" fileid="6" />
                <SequencePoint vc="112" uspid="183" ordinal="0" offset="93" sl="51" sc="9" el="51" ec="9" bec="0" bev="0" fileid="6" />
                <SequencePoint vc="112" uspid="184" ordinal="0" offset="100" sl="52" sc="5" el="52" ec="5" bec="0" bev="0" fileid="6" />
              </SequencePoints>
              <BranchPoints />
            </Method>
            <Method visited="true" cyclomaticComplexity="0" nPathComplexity="0" sequenceCoverage="100.0" branchCoverage="0" crapScore="0" isConstructor="false" isStatic="false" isGetter="false" isSetter="false">
              <Summary numSequencePoints="7" visitedSequencePoints="7" numBranchPoints="0" visitedBranchPoints="0" sequenceCoverage="100.0" branchCoverage="0" maxCyclomaticComplexity="0" minCyclomaticComplexity="0" maxCrapScore="0" minCrapScore="0" visitedClasses="0" numClasses="0" visitedMethods="1" numMethods="1" />
              <MetadataToken>100663352</MetadataToken>
              <Name>System.Void SpinnerUnit::AddRigidbody()</Name>
              <FileRef uid="6" />
              <SequencePoints>
                <SequencePoint vc="112" uspid="185" ordinal="0" offset="0" sl="55" sc="5" el="55" ec="5" bec="0" bev="0" fileid="6" />
                <SequencePoint vc="112" uspid="186" ordinal="0" offset="1" sl="56" sc="9" el="56" ec="9" bec="0" bev="0" fileid="6" />
                <SequencePoint vc="112" uspid="187" ordinal="0" offset="13" sl="57" sc="9" el="57" ec="9" bec="0" bev="0" fileid="6" />
                <SequencePoint vc="112" uspid="188" ordinal="0" offset="26" sl="58" sc="9" el="58" ec="9" bec="0" bev="0" fileid="6" />
                <SequencePoint vc="112" uspid="189" ordinal="0" offset="39" sl="59" sc="9" el="59" ec="9" bec="0" bev="0" fileid="6" />
                <SequencePoint vc="112" uspid="190" ordinal="0" offset="52" sl="60" sc="9" el="60" ec="9" bec="0" bev="0" fileid="6" />
                <SequencePoint vc="112" uspid="191" ordinal="0" offset="65" sl="61" sc="5" el="61" ec="5" bec="0" bev="0" fileid="6" />
              </SequencePoints>
              <BranchPoints />
            </Method>
            <Method visited="true" cyclomaticComplexity="0" nPathComplexity="0" sequenceCoverage="100.0" branchCoverage="0" crapScore="0" isConstructor="false" isStatic="false" isGetter="false" isSetter="false">
              <Summary numSequencePoints="3" visitedSequencePoints="3" numBranchPoints="0" visitedBranchPoints="0" sequenceCoverage="100.0" branchCoverage="0" maxCyclomaticComplexity="0" minCyclomaticComplexity="0" maxCrapScore="0" minCrapScore="0" visitedClasses="0" numClasses="0" visitedMethods="1" numMethods="1" />
              <MetadataToken>100663353</MetadataToken>
              <Name>System.Void SpinnerUnit::AddFrictionMaterial()</Name>
              <FileRef uid="6" />
              <SequencePoints>
                <SequencePoint vc="112" uspid="192" ordinal="0" offset="0" sl="64" sc="5" el="64" ec="5" bec="0" bev="0" fileid="6" />
                <SequencePoint vc="112" uspid="193" ordinal="0" offset="1" sl="65" sc="9" el="65" ec="9" bec="0" bev="0" fileid="6" />
                <SequencePoint vc="112" uspid="194" ordinal="0" offset="35" sl="69" sc="5" el="69" ec="5" bec="0" bev="0" fileid="6" />
              </SequencePoints>
              <BranchPoints />
            </Method>
            <Method visited="true" cyclomaticComplexity="0" nPathComplexity="0" sequenceCoverage="100.0" branchCoverage="0" crapScore="0" isConstructor="false" isStatic="false" isGetter="false" isSetter="false">
              <Summary numSequencePoints="15" visitedSequencePoints="15" numBranchPoints="0" visitedBranchPoints="0" sequenceCoverage="100.0" branchCoverage="0" maxCyclomaticComplexity="0" minCyclomaticComplexity="0" maxCrapScore="0" minCrapScore="0" visitedClasses="0" numClasses="0" visitedMethods="1" numMethods="1" />
              <MetadataToken>100663354</MetadataToken>
              <Name>System.Void SpinnerUnit::AddHingeJoint()</Name>
              <FileRef uid="6" />
              <SequencePoints>
                <SequencePoint vc="112" uspid="195" ordinal="0" offset="0" sl="72" sc="5" el="72" ec="5" bec="0" bev="0" fileid="6" />
                <SequencePoint vc="112" uspid="196" ordinal="0" offset="1" sl="73" sc="9" el="73" ec="9" bec="0" bev="0" fileid="6" />
                <SequencePoint vc="112" uspid="197" ordinal="0" offset="18" sl="74" sc="9" el="74" ec="9" bec="0" bev="0" fileid="6" />
                <SequencePoint vc="112" uspid="198" ordinal="0" offset="36" sl="75" sc="9" el="75" ec="9" bec="0" bev="0" fileid="6" />
                <SequencePoint vc="112" uspid="199" ordinal="0" offset="49" sl="76" sc="9" el="76" ec="9" bec="0" bev="0" fileid="6" />
                <SequencePoint vc="112" uspid="200" ordinal="0" offset="66" sl="78" sc="9" el="78" ec="9" bec="0" bev="0" fileid="6" />
                <SequencePoint vc="112" uspid="201" ordinal="0" offset="78" sl="79" sc="9" el="79" ec="9" bec="0" bev="0" fileid="6" />
                <SequencePoint vc="112" uspid="202" ordinal="0" offset="92" sl="80" sc="9" el="80" ec="9" bec="0" bev="0" fileid="6" />
                <SequencePoint vc="112" uspid="203" ordinal="0" offset="105" sl="82" sc="9" el="82" ec="9" bec="0" bev="0" fileid="6" />
                <SequencePoint vc="112" uspid="204" ordinal="0" offset="125" sl="83" sc="9" el="83" ec="9" bec="0" bev="0" fileid="6" />
                <SequencePoint vc="112" uspid="205" ordinal="0" offset="126" sl="84" sc="13" el="84" ec="13" bec="0" bev="0" fileid="6" />
                <SequencePoint vc="112" uspid="206" ordinal="0" offset="143" sl="85" sc="13" el="85" ec="13" bec="0" bev="0" fileid="6" />
                <SequencePoint vc="112" uspid="207" ordinal="0" offset="153" sl="85" sc="27" el="85" ec="27" bec="0" bev="0" fileid="6" />
                <SequencePoint vc="112" uspid="208" ordinal="0" offset="166" sl="86" sc="9" el="86" ec="9" bec="0" bev="0" fileid="6" />
                <SequencePoint vc="112" uspid="209" ordinal="0" offset="167" sl="87" sc="5" el="87" ec="5" bec="0" bev="0" fileid="6" />
              </SequencePoints>
              <BranchPoints />
            </Method>
            <Method visited="true" cyclomaticComplexity="0" nPathComplexity="0" sequenceCoverage="45.45" branchCoverage="0" crapScore="0" isConstructor="false" isStatic="false" isGetter="false" isSetter="false">
              <Summary numSequencePoints="11" visitedSequencePoints="5" numBranchPoints="0" visitedBranchPoints="0" sequenceCoverage="45.45" branchCoverage="0" maxCyclomaticComplexity="0" minCyclomaticComplexity="0" maxCrapScore="0" minCrapScore="0" visitedClasses="0" numClasses="0" visitedMethods="1" numMethods="1" />
              <MetadataToken>100663355</MetadataToken>
              <Name>System.Void SpinnerUnit::OnValidate()</Name>
              <FileRef uid="6" />
              <SequencePoints>
                <SequencePoint vc="112" uspid="210" ordinal="0" offset="0" sl="90" sc="5" el="90" ec="5" bec="0" bev="0" fileid="6" />
                <SequencePoint vc="112" uspid="211" ordinal="0" offset="1" sl="91" sc="9" el="91" ec="9" bec="0" bev="0" fileid="6" />
                <SequencePoint vc="112" uspid="212" ordinal="0" offset="18" sl="93" sc="9" el="93" ec="9" bec="0" bev="0" fileid="6" />
                <SequencePoint vc="0" uspid="213" ordinal="0" offset="41" sl="94" sc="9" el="94" ec="9" bec="0" bev="0" fileid="6" />
                <SequencePoint vc="0" uspid="214" ordinal="0" offset="42" sl="95" sc="13" el="95" ec="13" bec="0" bev="0" fileid="6" />
                <SequencePoint vc="0" uspid="215" ordinal="0" offset="53" sl="96" sc="9" el="96" ec="9" bec="0" bev="0" fileid="6" />
                <SequencePoint vc="112" uspid="216" ordinal="0" offset="56" sl="98" sc="14" el="98" ec="14" bec="0" bev="0" fileid="6" />
                <SequencePoint vc="0" uspid="217" ordinal="0" offset="84" sl="99" sc="9" el="99" ec="9" bec="0" bev="0" fileid="6" />
                <SequencePoint vc="0" uspid="218" ordinal="0" offset="85" sl="100" sc="13" el="100" ec="13" bec="0" bev="0" fileid="6" />
                <SequencePoint vc="0" uspid="219" ordinal="0" offset="117" sl="110" sc="9" el="110" ec="9" bec="0" bev="0" fileid="6" />
[...]
                <SequencePoint vc="48" uspid="836" ordinal="0" offset="64" sl="21" sc="5" el="21" ec="5" bec="0" bev="0" fileid="19" />
              </SequencePoints>
              <BranchPoints />
            </Method>
            <Method visited="true" cyclomaticComplexity="0" nPathComplexity="0" sequenceCoverage="66.67" branchCoverage="0" crapScore="0" isConstructor="false" isStatic="false" isGetter="false" isSetter="false">
              <Summary numSequencePoints="18" visitedSequencePoints="12" numBranchPoints="0" visitedBranchPoints="0" sequenceCoverage="66.67" branchCoverage="0" maxCyclomaticComplexity="0" minCyclomaticComplexity="0" maxCrapScore="0" minCrapScore="0" visitedClasses="0" numClasses="0" visitedMethods="1" numMethods="1" />
              <MetadataToken>100663299</MetadataToken>
              <Name>System.Single IDynamicLogic::UpdateNumericValue(System.Single, System.Single, System.Boolean, System.Single, System.Int32)</Name>
              <FileRef uid="19" />
              <SequencePoints>
                <SequencePoint vc="16" uspid="837" ordinal="0" offset="0" sl="25" sc="5" el="25" ec="5" bec="0" bev="0" fileid="19" />
                <SequencePoint vc="16" uspid="838" ordinal="0" offset="1" sl="26" sc="9" el="26" ec="9" bec="0" bev="0" fileid="19" />
                <SequencePoint vc="16" uspid="839" ordinal="0" offset="10" sl="28" sc="9" el="28" ec="9" bec="0" bev="0" fileid="19" />
                <SequencePoint vc="16" uspid="840" ordinal="0" offset="21" sl="29" sc="9" el="29" ec="9" bec="0" bev="0" fileid="19" />
                <SequencePoint vc="16" uspid="841" ordinal="0" offset="22" sl="30" sc="13" el="30" ec="13" bec="0" bev="0" fileid="19" />
                <SequencePoint vc="0" uspid="842" ordinal="0" offset="34" sl="30" sc="30" el="30" ec="30" bec="0" bev="0" fileid="19" />
                <SequencePoint vc="0" uspid="843" ordinal="0" offset="35" sl="30" sc="32" el="30" ec="32" bec="0" bev="0" fileid="19" />
                <SequencePoint vc="0" uspid="844" ordinal="0" offset="41" sl="30" sc="46" el="30" ec="46" bec="0" bev="0" fileid="19" />
                <SequencePoint vc="16" uspid="845" ordinal="0" offset="44" sl="31" sc="18" el="31" ec="18" bec="0" bev="0" fileid="19" />
                <SequencePoint vc="0" uspid="846" ordinal="0" offset="56" sl="31" sc="36" el="31" ec="36" bec="0" bev="0" fileid="19" />
                <SequencePoint vc="0" uspid="847" ordinal="0" offset="57" sl="31" sc="38" el="31" ec="38" bec="0" bev="0" fileid="19" />
                <SequencePoint vc="0" uspid="848" ordinal="0" offset="63" sl="31" sc="53" el="31" ec="53" bec="0" bev="0" fileid="19" />
                <SequencePoint vc="16" uspid="849" ordinal="0" offset="64" sl="33" sc="13" el="33" ec="13" bec="0" bev="0" fileid="19" />
                <SequencePoint vc="16" uspid="850" ordinal="0" offset="85" sl="34" sc="13" el="34" ec="13" bec="0" bev="0" fileid="19" />
                <SequencePoint vc="16" uspid="851" ordinal="0" offset="117" sl="35" sc="13" el="35" ec="13" bec="0" bev="0" fileid="19" />
                <SequencePoint vc="16" uspid="852" ordinal="0" offset="124" sl="36" sc="9" el="36" ec="9" bec="0" bev="0" fileid="19" />
                <SequencePoint vc="16" uspid="853" ordinal="0" offset="125" sl="38" sc="9" el="38" ec="9" bec="0" bev="0" fileid="19" />
                <SequencePoint vc="16" uspid="854" ordinal="0" offset="130" sl="39" sc="5" el="39" ec="5" bec="0" bev="0" fileid="19" />
              </SequencePoints>
              <BranchPoints />
            </Method>
          </Methods>
        </Class>
        <Class>
          <Summary numSequencePoints="50" visitedSequencePoints="28" numBranchPoints="0" visitedBranchPoints="0" sequenceCoverage="56.00" branchCoverage="0.0" maxCyclomaticComplexity="0" minCyclomaticComplexity="0" maxCrapScore="0" minCrapScore="0" visitedClasses="1" numClasses="1" visitedMethods="5" numMethods="5" />
          <FullName>Integration</FullName>
          <Methods>
            <Method visited="true" cyclomaticComplexity="0" nPathComplexity="0" sequenceCoverage="85.71" branchCoverage="0" crapScore="0" isConstructor="false" isStatic="false" isGetter="false" isSetter="false">
              <Summary numSequencePoints="7" visitedSequencePoints="6" numBranchPoints="0" visitedBranchPoints="0" sequenceCoverage="85.71" branchCoverage="0" maxCyclomaticComplexity="0" minCyclomaticComplexity="0" maxCrapScore="0" minCrapScore="0" visitedClasses="0" numClasses="0" visitedMethods="1" numMethods="1" />
              <MetadataToken>100663301</MetadataToken>
              <Name>System.Void Integration::HandleStateChange(System.Boolean, System.Int32)</Name>
              <FileRef uid="20" />
              <SequencePoints>
                <SequencePoint vc="24" uspid="855" ordinal="0" offset="0" sl="29" sc="5" el="29" ec="5" bec="0" bev="0" fileid="20" />
                <SequencePoint vc="24" uspid="856" ordinal="0" offset="1" sl="30" sc="9" el="30" ec="9" bec="0" bev="0" fileid="20" />
                <SequencePoint vc="24" uspid="857" ordinal="0" offset="30" sl="31" sc="9" el="31" ec="9" bec="0" bev="0" fileid="20" />
                <SequencePoint vc="24" uspid="858" ordinal="0" offset="31" sl="33" sc="13" el="33" ec="13" bec="0" bev="0" fileid="20" />
                <SequencePoint vc="24" uspid="859" ordinal="0" offset="54" sl="36" sc="13" el="36" ec="13" bec="0" bev="0" fileid="20" />
                <SequencePoint vc="0" uspid="860" ordinal="0" offset="56" sl="39" sc="9" el="39" ec="9" bec="0" bev="0" fileid="20" />
                <SequencePoint vc="24" uspid="861" ordinal="0" offset="71" sl="40" sc="5" el="40" ec="5" bec="0" bev="0" fileid="20" />
              </SequencePoints>
              <BranchPoints />
            </Method>
            <Method visited="true" cyclomaticComplexity="0" nPathComplexity="0" sequenceCoverage="85.71" branchCoverage="0" crapScore="0" isConstructor="false" isStatic="false" isGetter="false" isSetter="false">
              <Summary numSequencePoints="7" visitedSequencePoints="6" numBranchPoints="0" visitedBranchPoints="0" sequenceCoverage="85.71" branchCoverage="0" maxCyclomaticComplexity="0" minCyclomaticComplexity="0" maxCrapScore="0" minCrapScore="0" visitedClasses="0" numClasses="0" visitedMethods="1" numMethods="1" />
              <MetadataToken>100663302</MetadataToken>
              <Name>System.Void Integration::HandleStateChange(System.Single, System.Int32)</Name>
              <FileRef uid="20" />
              <SequencePoints>
                <SequencePoint vc="16" uspid="862" ordinal="0" offset="0" sl="43" sc="5" el="43" ec="5" bec="0" bev="0" fileid="20" />
                <SequencePoint vc="16" uspid="863" ordinal="0" offset="1" sl="44" sc="9" el="44" ec="9" bec="0" bev="0" fileid="20" />
                <SequencePoint vc="16" uspid="864" ordinal="0" offset="30" sl="45" sc="9" el="45" ec="9" bec="0" bev="0" fileid="20" />
                <SequencePoint vc="16" uspid="865" ordinal="0" offset="31" sl="47" sc="13" el="47" ec="13" bec="0" bev="0" fileid="20" />
                <SequencePoint vc="16" uspid="866" ordinal="0" offset="54" sl="50" sc="13" el="50" ec="13" bec="0" bev="0" fileid="20" />
                <SequencePoint vc="0" uspid="867" ordinal="0" offset="56" sl="53" sc="9" el="53" ec="9" bec="0" bev="0" fileid="20" />
                <SequencePoint vc="16" uspid="868" ordinal="0" offset="71" sl="54" sc="5" el="54" ec="5" bec="0" bev="0" fileid="20" />
              </SequencePoints>
              <BranchPoints />
            </Method>
            <Method visited="true" cyclomaticComplexity="0" nPathComplexity="0" sequenceCoverage="85.71" branchCoverage="0" crapScore="0" isConstructor="false" isStatic="false" isGetter="false" isSetter="false">
              <Summary numSequencePoints="7" visitedSequencePoints="6" numBranchPoints="0" visitedBranchPoints="0" sequenceCoverage="85.71" branchCoverage="0" maxCyclomaticComplexity="0" minCyclomaticComplexity="0" maxCrapScore="0" minCrapScore="0" visitedClasses="0" numClasses="0" visitedMethods="1" numMethods="1" />
              <MetadataToken>100663303</MetadataToken>
              <Name>System.Void Integration::HandleStateChange(System.String, System.Int32)</Name>
              <FileRef uid="20" />
              <SequencePoints>
                <SequencePoint vc="16" uspid="869" ordinal="0" offset="0" sl="57" sc="5" el="57" ec="5" bec="0" bev="0" fileid="20" />
                <SequencePoint vc="16" uspid="870" ordinal="0" offset="1" sl="58" sc="9" el="58" ec="9" bec="0" bev="0" fileid="20" />
                <SequencePoint vc="16" uspid="871" ordinal="0" offset="30" sl="59" sc="9" el="59" ec="9" bec="0" bev="0" fileid="20" />
                <SequencePoint vc="16" uspid="872" ordinal="0" offset="31" sl="61" sc="13" el="61" ec="13" bec="0" bev="0" fileid="20" />
                <SequencePoint vc="16" uspid="873" ordinal="0" offset="54" sl="64" sc="13" el="64" ec="13" bec="0" bev="0" fileid="20" />
                <SequencePoint vc="0" uspid="874" ordinal="0" offset="56" sl="67" sc="9" el="67" ec="9" bec="0" bev="0" fileid="20" />
                <SequencePoint vc="16" uspid="875" ordinal="0" offset="71" sl="68" sc="5" el="68" ec="5" bec="0" bev="0" fileid="20" />
              </SequencePoints>
              <BranchPoints />
            </Method>
            <Method visited="true" cyclomaticComplexity="0" nPathComplexity="0" sequenceCoverage="29.63" branchCoverage="0" crapScore="0" isConstructor="false" isStatic="false" isGetter="false" isSetter="false">
              <Summary numSequencePoints="27" visitedSequencePoints="8" numBranchPoints="0" visitedBranchPoints="0" sequenceCoverage="29.63" branchCoverage="0" maxCyclomaticComplexity="0" minCyclomaticComplexity="0" maxCrapScore="0" minCrapScore="0" visitedClasses="0" numClasses="0" visitedMethods="1" numMethods="1" />
              <MetadataToken>100663304</MetadataToken>
              <Name>System.Void Integration::HandleNoiseChange(System.Single, System.Int32[])</Name>
              <FileRef uid="20" />
              <SequencePoints>
                <SequencePoint vc="1614" uspid="876" ordinal="0" offset="0" sl="71" sc="5" el="71" ec="5" bec="0" bev="0" fileid="20" />
                <SequencePoint vc="1614" uspid="877" ordinal="0" offset="1" sl="72" sc="9" el="72" ec="9" bec="0" bev="0" fileid="20" />
                <SequencePoint vc="0" uspid="878" ordinal="0" offset="14" sl="72" sc="40" el="72" ec="40" bec="0" bev="0" fileid="20" />
                <SequencePoint vc="1614" uspid="879" ordinal="0" offset="19" sl="73" sc="9" el="73" ec="9" bec="0" bev="0" fileid="20" />
                <SequencePoint vc="1614" uspid="880" ordinal="0" offset="34" sl="74" sc="9" el="74" ec="9" bec="0" bev="0" fileid="20" />
                <SequencePoint vc="1614" uspid="881" ordinal="0" offset="35" sl="75" sc="18" el="75" ec="18" bec="0" bev="0" fileid="20" />
                <SequencePoint vc="0" uspid="882" ordinal="0" offset="39" sl="76" sc="13" el="76" ec="13" bec="0" bev="0" fileid="20" />
                <SequencePoint vc="0" uspid="883" ordinal="0" offset="40" sl="77" sc="17" el="77" ec="17" bec="0" bev="0" fileid="20" />
                <SequencePoint vc="0" uspid="884" ordinal="0" offset="55" sl="78" sc="13" el="78" ec="13" bec="0" bev="0" fileid="20" />
                <SequencePoint vc="0" uspid="885" ordinal="0" offset="56" sl="75" sc="59" el="75" ec="59" bec="0" bev="0" fileid="20" />
                <SequencePoint vc="1614" uspid="886" ordinal="0" offset="60" sl="75" sc="29" el="75" ec="29" bec="0" bev="0" fileid="20" />
                <SequencePoint vc="1614" uspid="887" ordinal="0" offset="75" sl="79" sc="9" el="79" ec="9" bec="0" bev="0" fileid="20" />
                <SequencePoint vc="0" uspid="888" ordinal="0" offset="78" sl="81" sc="9" el="81" ec="9" bec="0" bev="0" fileid="20" />
                <SequencePoint vc="0" uspid="889" ordinal="0" offset="79" sl="82" sc="18" el="82" ec="18" bec="0" bev="0" fileid="20" />
                <SequencePoint vc="0" uspid="890" ordinal="0" offset="84" sl="83" sc="13" el="83" ec="13" bec="0" bev="0" fileid="20" />
                <SequencePoint vc="0" uspid="891" ordinal="0" offset="85" sl="84" sc="17" el="84" ec="17" bec="0" bev="0" fileid="20" />
                <SequencePoint vc="0" uspid="892" ordinal="0" offset="105" sl="85" sc="17" el="85" ec="17" bec="0" bev="0" fileid="20" />
                <SequencePoint vc="0" uspid="893" ordinal="0" offset="106" sl="86" sc="21" el="86" ec="21" bec="0" bev="0" fileid="20" />
                <SequencePoint vc="0" uspid="894" ordinal="0" offset="124" sl="87" sc="17" el="87" ec="17" bec="0" bev="0" fileid="20" />
                <SequencePoint vc="0" uspid="895" ordinal="0" offset="127" sl="90" sc="17" el="90" ec="17" bec="0" bev="0" fileid="20" />
                <SequencePoint vc="0" uspid="896" ordinal="0" offset="128" sl="91" sc="21" el="91" ec="21" bec="0" bev="0" fileid="20" />
                <SequencePoint vc="0" uspid="897" ordinal="0" offset="154" sl="93" sc="17" el="93" ec="17" bec="0" bev="0" fileid="20" />
                <SequencePoint vc="0" uspid="898" ordinal="0" offset="155" sl="95" sc="13" el="95" ec="13" bec="0" bev="0" fileid="20" />
                <SequencePoint vc="0" uspid="899" ordinal="0" offset="156" sl="82" sc="49" el="82" ec="49" bec="0" bev="0" fileid="20" />
                <SequencePoint vc="0" uspid="900" ordinal="0" offset="162" sl="82" sc="29" el="82" ec="29" bec="0" bev="0" fileid="20" />
                <SequencePoint vc="0" uspid="901" ordinal="0" offset="175" sl="96" sc="9" el="96" ec="9" bec="0" bev="0" fileid="20" />
                <SequencePoint vc="1614" uspid="902" ordinal="0" offset="176" sl="97" sc="5" el="97" ec="5" bec="0" bev="0" fileid="20" />
              </SequencePoints>
              <BranchPoints />
            </Method>
            <Method visited="true" cyclomaticComplexity="0" nPathComplexity="0" sequenceCoverage="100.0" branchCoverage="0" crapScore="0" isConstructor="false" isStatic="false" isGetter="false" isSetter="false">
              <Summary numSequencePoints="2" visitedSequencePoints="2" numBranchPoints="0" visitedBranchPoints="0" sequenceCoverage="100.0" branchCoverage="0" maxCyclomaticComplexity="0" minCyclomaticComplexity="0" maxCrapScore="0" minCrapScore="0" visitedClasses="0" numClasses="0" visitedMethods="1" numMethods="1" />
              <MetadataToken>100663305</MetadataToken>
              <Name>System.Void Integration::ThrowWarningMessage(System.String)</Name>
              <FileRef uid="20" />
              <SequencePoints>
                <SequencePoint vc="56" uspid="903" ordinal="0" offset="0" sl="101" sc="5" el="101" ec="5" bec="0" bev="0" fileid="20" />
                <SequencePoint vc="56" uspid="904" ordinal="0" offset="1" sl="109" sc="5" el="109" ec="5" bec="0" bev="0" fileid="20" />
              </SequencePoints>
              <BranchPoints />
            </Method>
          </Methods>
        </Class>
        <Class>
          <Summary numSequencePoints="3" visitedSequencePoints="0" numBranchPoints="0" visitedBranchPoints="0" sequenceCoverage="0.0" branchCoverage="0.0" maxCyclomaticComplexity="0" minCyclomaticComplexity="0" maxCrapScore="0" minCrapScore="0" visitedClasses="0" numClasses="1" visitedMethods="0" numMethods="1" />
          <FullName>StateChangeEvent[T]</FullName>
          <Methods>
            <Method visited="false" cyclomaticComplexity="0" nPathComplexity="0" sequenceCoverage="0.0" branchCoverage="0" crapScore="0" isConstructor="false" isStatic="false" isGetter="false" isSetter="false">
              <Summary numSequencePoints="3" visitedSequencePoints="0" numBranchPoints="0" visitedBranchPoints="0" sequenceCoverage="0.0" branchCoverage="0" maxCyclomaticComplexity="0" minCyclomaticComplexity="0" maxCrapScore="0" minCrapScore="0" visitedClasses="0" numClasses="0" visitedMethods="0" numMethods="1" />
              <MetadataToken>100663307</MetadataToken>
              <Name>System.Void StateChangeEvent[T]::HandleStateChange(T)</Name>
              <FileRef uid="20" />
              <SequencePoints>
                <SequencePoint vc="0" uspid="905" ordinal="0" offset="0" sl="124" sc="0" el="124" ec="0" bec="0" bev="0" fileid="20" />
                <SequencePoint vc="0" uspid="906" ordinal="0" offset="1" sl="125" sc="0" el="125" ec="0" bec="0" bev="0" fileid="20" />
                <SequencePoint vc="0" uspid="907" ordinal="0" offset="20" sl="126" sc="0" el="126" ec="0" bec="0" bev="0" fileid="20" />
              </SequencePoints>
              <BranchPoints />
            </Method>
          </Methods>
        </Class>
        <Class>
          <Summary numSequencePoints="12" visitedSequencePoints="0" numBranchPoints="0" visitedBranchPoints="0" sequenceCoverage="0.0" branchCoverage="0.0" maxCyclomaticComplexity="0" minCyclomaticComplexity="0" maxCrapScore="0" minCrapScore="0" visitedClasses="0" numClasses="1" visitedMethods="0" numMethods="1" />
          <FullName>AudioIntegration</FullName>
          <Methods>
            <Method visited="false" cyclomaticComplexity="0" nPathComplexity="0" sequenceCoverage="0.0" branchCoverage="0" crapScore="0" isConstructor="false" isStatic="false" isGetter="false" isSetter="false">
              <Summary numSequencePoints="12" visitedSequencePoints="0" numBranchPoints="0" visitedBranchPoints="0" sequenceCoverage="0.0" branchCoverage="0" maxCyclomaticComplexity="0" minCyclomaticComplexity="0" maxCrapScore="0" minCrapScore="0" visitedClasses="0" numClasses="0" visitedMethods="0" numMethods="1" />
              <MetadataToken>100663309</MetadataToken>
              <Name>System.Void AudioIntegration::HandleNoiseIntensityChange(System.Single)</Name>
              <FileRef uid="20" />
              <SequencePoints>
                <SequencePoint vc="0" uspid="908" ordinal="0" offset="0" sl="146" sc="0" el="146" ec="0" bec="0" bev="0" fileid="20" />
                <SequencePoint vc="0" uspid="909" ordinal="0" offset="1" sl="147" sc="0" el="147" ec="0" bec="0" bev="0" fileid="20" />
                <SequencePoint vc="0" uspid="910" ordinal="0" offset="9" sl="148" sc="0" el="148" ec="0" bec="0" bev="0" fileid="20" />
                <SequencePoint vc="0" uspid="911" ordinal="0" offset="21" sl="148" sc="0" el="148" ec="0" bec="0" bev="0" fileid="20" />
                <SequencePoint vc="0" uspid="912" ordinal="0" offset="28" sl="150" sc="0" el="150" ec="0" bec="0" bev="0" fileid="20" />
                <SequencePoint vc="0" uspid="913" ordinal="0" offset="40" sl="151" sc="0" el="151" ec="0" bec="0" bev="0" fileid="20" />
                <SequencePoint vc="0" uspid="914" ordinal="0" offset="41" sl="152" sc="0" el="152" ec="0" bec="0" bev="0" fileid="20" />
                <SequencePoint vc="0" uspid="915" ordinal="0" offset="65" sl="153" sc="0" el="153" ec="0" bec="0" bev="0" fileid="20" />
                <SequencePoint vc="0" uspid="916" ordinal="0" offset="68" sl="155" sc="0" el="155" ec="0" bec="0" bev="0" fileid="20" />
                <SequencePoint vc="0" uspid="917" ordinal="0" offset="69" sl="156" sc="0" el="156" ec="0" bec="0" bev="0" fileid="20" />
                <SequencePoint vc="0" uspid="918" ordinal="0" offset="94" sl="157" sc="0" el="157" ec="0" bec="0" bev="0" fileid="20" />
                <SequencePoint vc="0" uspid="919" ordinal="0" offset="95" sl="158" sc="0" el="158" ec="0" bec="0" bev="0" fileid="20" />
              </SequencePoints>
              <BranchPoints />
            </Method>
          </Methods>
        </Class>
      </Classes>
    </Module>
  </Modules>
</CoverageSession>